[21-Jan-2026 01:11:56 Asia/Manila] PHP Fatal error:  Cannot redeclare toDateYMD() (previously declared in C:\xampp\htdocs\3D-School-Attendance\server-php\helpers\functions.php:54) in C:\xampp\htdocs\3D-School-Attendance\server-php\api\attendance.php on line 81
[21-Jan-2026 01:12:45 Asia/Manila] PHP Fatal error:  Cannot redeclare toDateYMD() (previously declared in C:\xampp\htdocs\3D-School-Attendance\server-php\helpers\functions.php:54) in C:\xampp\htdocs\3D-School-Attendance\server-php\api\attendance.php on line 81
[21-Jan-2026 01:14:31 Asia/Manila] PHP Fatal error:  Cannot redeclare toDateYMD() (previously declared in C:\xampp\htdocs\3D-School-Attendance\server-php\helpers\functions.php:54) in C:\xampp\htdocs\3D-School-Attendance\server-php\api\attendance.php on line 81
[21-Jan-2026 01:49:40 Asia/Manila] PHP Fatal error:  Cannot redeclare deg2rad() in C:\xampp\htdocs\3D-School-Attendance\server-php\api\attendance.php on line 16
[21-Jan-2026 01:50:30 Asia/Manila] PHP Fatal error:  Cannot redeclare deg2rad() in C:\xampp\htdocs\3D-School-Attendance\server-php\api\attendance.php on line 16
[21-Jan-2026 01:51:25 Asia/Manila] PHP Fatal error:  Cannot redeclare deg2rad() in C:\xampp\htdocs\3D-School-Attendance\server-php\api\attendance.php on line 16
[21-Jan-2026 01:52:30 Asia/Manila] PHP Fatal error:  Cannot redeclare deg2rad() in C:\xampp\htdocs\3D-School-Attendance\server-php\api\attendance.php on line 16
[21-Jan-2026 01:53:10 Asia/Manila] PHP Fatal error:  Cannot redeclare deg2rad() in C:\xampp\htdocs\3D-School-Attendance\server-php\api\attendance.php on line 16
[21-Jan-2026 01:54:30 Asia/Manila] PHP Fatal error:  Cannot redeclare deg2rad() in C:\xampp\htdocs\3D-School-Attendance\server-php\api\attendance.php on line 16
[21-Jan-2026 01:54:55 Asia/Manila] PHP Fatal error:  Cannot redeclare deg2rad() in C:\xampp\htdocs\3D-School-Attendance\server-php\api\attendance.php on line 16
[21-Jan-2026 01:56:30 Asia/Manila] PHP Fatal error:  Cannot redeclare deg2rad() in C:\xampp\htdocs\3D-School-Attendance\server-php\api\attendance.php on line 16
[21-Jan-2026 01:56:40 Asia/Manila] PHP Fatal error:  Cannot redeclare deg2rad() in C:\xampp\htdocs\3D-School-Attendance\server-php\api\attendance.php on line 16
[21-Jan-2026 01:58:25 Asia/Manila] PHP Fatal error:  Cannot redeclare deg2rad() in C:\xampp\htdocs\3D-School-Attendance\server-php\api\attendance.php on line 16
[21-Jan-2026 01:58:30 Asia/Manila] PHP Fatal error:  Cannot redeclare deg2rad() in C:\xampp\htdocs\3D-School-Attendance\server-php\api\attendance.php on line 16
[21-Jan-2026 02:00:10 Asia/Manila] PHP Fatal error:  Cannot redeclare deg2rad() in C:\xampp\htdocs\3D-School-Attendance\server-php\api\attendance.php on line 16
[21-Jan-2026 02:00:29 Asia/Manila] PHP Fatal error:  Cannot redeclare deg2rad() in C:\xampp\htdocs\3D-School-Attendance\server-php\api\attendance.php on line 16
[21-Jan-2026 02:01:55 Asia/Manila] PHP Fatal error:  Cannot redeclare deg2rad() in C:\xampp\htdocs\3D-School-Attendance\server-php\api\attendance.php on line 16
[21-Jan-2026 02:02:30 Asia/Manila] PHP Fatal error:  Cannot redeclare deg2rad() in C:\xampp\htdocs\3D-School-Attendance\server-php\api\attendance.php on line 16
[21-Jan-2026 02:03:40 Asia/Manila] PHP Fatal error:  Cannot redeclare deg2rad() in C:\xampp\htdocs\3D-School-Attendance\server-php\api\attendance.php on line 16
[21-Jan-2026 02:04:30 Asia/Manila] PHP Fatal error:  Cannot redeclare deg2rad() in C:\xampp\htdocs\3D-School-Attendance\server-php\api\attendance.php on line 16
[21-Jan-2026 02:05:25 Asia/Manila] PHP Fatal error:  Cannot redeclare deg2rad() in C:\xampp\htdocs\3D-School-Attendance\server-php\api\attendance.php on line 16
[21-Jan-2026 02:06:30 Asia/Manila] PHP Fatal error:  Cannot redeclare deg2rad() in C:\xampp\htdocs\3D-School-Attendance\server-php\api\attendance.php on line 16
[21-Jan-2026 02:07:10 Asia/Manila] PHP Fatal error:  Cannot redeclare deg2rad() in C:\xampp\htdocs\3D-School-Attendance\server-php\api\attendance.php on line 16
[21-Jan-2026 02:08:29 Asia/Manila] PHP Fatal error:  Cannot redeclare deg2rad() in C:\xampp\htdocs\3D-School-Attendance\server-php\api\attendance.php on line 16
[21-Jan-2026 02:08:55 Asia/Manila] PHP Fatal error:  Cannot redeclare deg2rad() in C:\xampp\htdocs\3D-School-Attendance\server-php\api\attendance.php on line 16
[21-Jan-2026 02:09:33 Asia/Manila] PHP Fatal error:  Cannot redeclare deg2rad() in C:\xampp\htdocs\3D-School-Attendance\server-php\api\attendance.php on line 16
[21-Jan-2026 02:09:33 Asia/Manila] PHP Fatal error:  Cannot redeclare deg2rad() in C:\xampp\htdocs\3D-School-Attendance\server-php\api\attendance.php on line 16
[21-Jan-2026 02:09:53 Asia/Manila] PHP Fatal error:  Cannot redeclare deg2rad() in C:\xampp\htdocs\3D-School-Attendance\server-php\api\attendance.php on line 16
[21-Jan-2026 02:10:29 Asia/Manila] PHP Fatal error:  Cannot redeclare deg2rad() in C:\xampp\htdocs\3D-School-Attendance\server-php\api\attendance.php on line 16
[21-Jan-2026 03:52:59 Europe/Berlin] PHP Fatal error:  Uncaught mysqli_sql_exception: No connection could be made because the target machine actively refused it in C:\xampp\htdocs\3D-School-Attendance\server-php\config\database.php:9
Stack trace:
#0 C:\xampp\htdocs\3D-School-Attendance\server-php\config\database.php(9): mysqli->__construct('localhost', 'root', Object(SensitiveParameterValue), 'db_teacher_atte...')
#1 C:\xampp\htdocs\3D-School-Attendance\server-php\index.php(53): require_once('C:\\xampp\\htdocs...')
#2 {main}
  thrown in C:\xampp\htdocs\3D-School-Attendance\server-php\config\database.php on line 9
[21-Jan-2026 03:54:10 Europe/Berlin] PHP Fatal error:  Uncaught mysqli_sql_exception: No connection could be made because the target machine actively refused it in C:\xampp\htdocs\3D-School-Attendance\server-php\config\database.php:9
Stack trace:
#0 C:\xampp\htdocs\3D-School-Attendance\server-php\config\database.php(9): mysqli->__construct('localhost', 'root', Object(SensitiveParameterValue), 'db_teacher_atte...')
#1 C:\xampp\htdocs\3D-School-Attendance\server-php\index.php(53): require_once('C:\\xampp\\htdocs...')
#2 {main}
  thrown in C:\xampp\htdocs\3D-School-Attendance\server-php\config\database.php on line 9
[22-Jan-2026 05:33:22 Europe/Berlin] PHP Fatal error:  Uncaught mysqli_sql_exception: No connection could be made because the target machine actively refused it in C:\xampp\htdocs\3D-School-Attendance\server-php\config\database.php:9
Stack trace:
#0 C:\xampp\htdocs\3D-School-Attendance\server-php\config\database.php(9): mysqli->__construct('localhost', 'root', Object(SensitiveParameterValue), 'db_teacher_atte...')
#1 C:\xampp\htdocs\3D-School-Attendance\server-php\index.php(53): require_once('C:\\xampp\\htdocs...')
#2 {main}
  thrown in C:\xampp\htdocs\3D-School-Attendance\server-php\config\database.php on line 9
[22-Jan-2026 13:52:55 Asia/Manila] PHP Fatal error:  Uncaught mysqli_sql_exception: Column 'building_id' cannot be null in C:\xampp\htdocs\3D-School-Attendance\server-php\api\locations.php:41
Stack trace:
#0 C:\xampp\htdocs\3D-School-Attendance\server-php\api\locations.php(41): mysqli_stmt->execute()
#1 C:\xampp\htdocs\3D-School-Attendance\server-php\index.php(83): require_once('C:\\xampp\\htdocs...')
#2 {main}
  thrown in C:\xampp\htdocs\3D-School-Attendance\server-php\api\locations.php on line 41
[23-Jan-2026 07:32:31 Europe/Berlin] PHP Fatal error:  Uncaught mysqli_sql_exception: No connection could be made because the target machine actively refused it in C:\xampp\htdocs\3D-School-Attendance\server-php\config\database.php:9
Stack trace:
#0 C:\xampp\htdocs\3D-School-Attendance\server-php\config\database.php(9): mysqli->__construct('localhost', 'root', Object(SensitiveParameterValue), 'db_teacher_atte...')
#1 C:\xampp\htdocs\3D-School-Attendance\server-php\index.php(53): require_once('C:\\xampp\\htdocs...')
#2 {main}
  thrown in C:\xampp\htdocs\3D-School-Attendance\server-php\config\database.php on line 9
[23-Jan-2026 07:32:35 Europe/Berlin] PHP Fatal error:  Uncaught mysqli_sql_exception: No connection could be made because the target machine actively refused it in C:\xampp\htdocs\3D-School-Attendance\server-php\config\database.php:9
Stack trace:
#0 C:\xampp\htdocs\3D-School-Attendance\server-php\config\database.php(9): mysqli->__construct('localhost', 'root', Object(SensitiveParameterValue), 'db_teacher_atte...')
#1 C:\xampp\htdocs\3D-School-Attendance\server-php\index.php(53): require_once('C:\\xampp\\htdocs...')
#2 {main}
  thrown in C:\xampp\htdocs\3D-School-Attendance\server-php\config\database.php on line 9
[23-Jan-2026 08:45:18 Europe/Berlin] PHP Fatal error:  Uncaught mysqli_sql_exception: No connection could be made because the target machine actively refused it in C:\xampp\htdocs\3D-School-Attendance\server-php\config\database.php:9
Stack trace:
#0 C:\xampp\htdocs\3D-School-Attendance\server-php\config\database.php(9): mysqli->__construct('localhost', 'root', Object(SensitiveParameterValue), 'db_teacher_atte...')
#1 C:\xampp\htdocs\3D-School-Attendance\server-php\index.php(53): require_once('C:\\xampp\\htdocs...')
#2 {main}
  thrown in C:\xampp\htdocs\3D-School-Attendance\server-php\config\database.php on line 9
[23-Jan-2026 08:45:22 Europe/Berlin] PHP Fatal error:  Uncaught mysqli_sql_exception: No connection could be made because the target machine actively refused it in C:\xampp\htdocs\3D-School-Attendance\server-php\config\database.php:9
Stack trace:
#0 C:\xampp\htdocs\3D-School-Attendance\server-php\config\database.php(9): mysqli->__construct('localhost', 'root', Object(SensitiveParameterValue), 'db_teacher_atte...')
#1 C:\xampp\htdocs\3D-School-Attendance\server-php\index.php(53): require_once('C:\\xampp\\htdocs...')
#2 {main}
  thrown in C:\xampp\htdocs\3D-School-Attendance\server-php\config\database.php on line 9
[23-Jan-2026 22:50:56 Asia/Manila] PHP Fatal error:  Uncaught mysqli_sql_exception: Unknown column 'latitude' in 'field list' in C:\xampp\htdocs\3D-School-Attendance\server-php\api\locations.php:22
Stack trace:
#0 C:\xampp\htdocs\3D-School-Attendance\server-php\api\locations.php(22): mysqli->query('SELECT building...')
#1 C:\xampp\htdocs\3D-School-Attendance\server-php\index.php(83): require_once('C:\\xampp\\htdocs...')
#2 {main}
  thrown in C:\xampp\htdocs\3D-School-Attendance\server-php\api\locations.php on line 22
[23-Jan-2026 22:52:23 Asia/Manila] PHP Fatal error:  Uncaught mysqli_sql_exception: Unknown column 'latitude' in 'field list' in C:\xampp\htdocs\3D-School-Attendance\server-php\api\locations.php:22
Stack trace:
#0 C:\xampp\htdocs\3D-School-Attendance\server-php\api\locations.php(22): mysqli->query('SELECT building...')
#1 C:\xampp\htdocs\3D-School-Attendance\server-php\index.php(83): require_once('C:\\xampp\\htdocs...')
#2 {main}
  thrown in C:\xampp\htdocs\3D-School-Attendance\server-php\api\locations.php on line 22
[23-Jan-2026 22:55:37 Asia/Manila] PHP Fatal error:  Uncaught mysqli_sql_exception: Unknown column 'latitude' in 'field list' in C:\xampp\htdocs\3D-School-Attendance\server-php\api\locations.php:22
Stack trace:
#0 C:\xampp\htdocs\3D-School-Attendance\server-php\api\locations.php(22): mysqli->query('SELECT building...')
#1 C:\xampp\htdocs\3D-School-Attendance\server-php\index.php(83): require_once('C:\\xampp\\htdocs...')
#2 {main}
  thrown in C:\xampp\htdocs\3D-School-Attendance\server-php\api\locations.php on line 22
[23-Jan-2026 23:10:16 Asia/Manila] PHP Fatal error:  Uncaught mysqli_sql_exception: Unknown column 'latitude' in 'field list' in C:\xampp\htdocs\3D-School-Attendance\server-php\api\locations.php:23
Stack trace:
#0 C:\xampp\htdocs\3D-School-Attendance\server-php\api\locations.php(23): mysqli->query('SELECT building...')
#1 C:\xampp\htdocs\3D-School-Attendance\server-php\index.php(83): require_once('C:\\xampp\\htdocs...')
#2 {main}
  thrown in C:\xampp\htdocs\3D-School-Attendance\server-php\api\locations.php on line 23
[23-Jan-2026 23:10:36 Asia/Manila] PHP Fatal error:  Uncaught mysqli_sql_exception: Unknown column 'latitude' in 'field list' in C:\xampp\htdocs\3D-School-Attendance\server-php\api\locations.php:23
Stack trace:
#0 C:\xampp\htdocs\3D-School-Attendance\server-php\api\locations.php(23): mysqli->query('SELECT building...')
#1 C:\xampp\htdocs\3D-School-Attendance\server-php\index.php(83): require_once('C:\\xampp\\htdocs...')
#2 {main}
  thrown in C:\xampp\htdocs\3D-School-Attendance\server-php\api\locations.php on line 23
[23-Jan-2026 23:11:02 Asia/Manila] PHP Fatal error:  Uncaught mysqli_sql_exception: Unknown column 'latitude' in 'field list' in C:\xampp\htdocs\3D-School-Attendance\server-php\api\locations.php:23
Stack trace:
#0 C:\xampp\htdocs\3D-School-Attendance\server-php\api\locations.php(23): mysqli->query('SELECT building...')
#1 C:\xampp\htdocs\3D-School-Attendance\server-php\index.php(83): require_once('C:\\xampp\\htdocs...')
#2 {main}
  thrown in C:\xampp\htdocs\3D-School-Attendance\server-php\api\locations.php on line 23
[23-Jan-2026 23:11:19 Asia/Manila] PHP Fatal error:  Uncaught mysqli_sql_exception: Unknown column 'latitude' in 'field list' in C:\xampp\htdocs\3D-School-Attendance\server-php\api\locations.php:23
Stack trace:
#0 C:\xampp\htdocs\3D-School-Attendance\server-php\api\locations.php(23): mysqli->query('SELECT building...')
#1 C:\xampp\htdocs\3D-School-Attendance\server-php\index.php(83): require_once('C:\\xampp\\htdocs...')
#2 {main}
  thrown in C:\xampp\htdocs\3D-School-Attendance\server-php\api\locations.php on line 23
[23-Jan-2026 23:11:25 Asia/Manila] PHP Fatal error:  Uncaught mysqli_sql_exception: Unknown column 'latitude' in 'field list' in C:\xampp\htdocs\3D-School-Attendance\server-php\api\locations.php:23
Stack trace:
#0 C:\xampp\htdocs\3D-School-Attendance\server-php\api\locations.php(23): mysqli->query('SELECT building...')
#1 C:\xampp\htdocs\3D-School-Attendance\server-php\index.php(83): require_once('C:\\xampp\\htdocs...')
#2 {main}
  thrown in C:\xampp\htdocs\3D-School-Attendance\server-php\api\locations.php on line 23
[23-Jan-2026 23:11:32 Asia/Manila] PHP Fatal error:  Uncaught mysqli_sql_exception: Unknown column 'latitude' in 'field list' in C:\xampp\htdocs\3D-School-Attendance\server-php\api\locations.php:23
Stack trace:
#0 C:\xampp\htdocs\3D-School-Attendance\server-php\api\locations.php(23): mysqli->query('SELECT building...')
#1 C:\xampp\htdocs\3D-School-Attendance\server-php\index.php(83): require_once('C:\\xampp\\htdocs...')
#2 {main}
  thrown in C:\xampp\htdocs\3D-School-Attendance\server-php\api\locations.php on line 23
[23-Jan-2026 23:11:42 Asia/Manila] PHP Fatal error:  Uncaught mysqli_sql_exception: Unknown column 'latitude' in 'field list' in C:\xampp\htdocs\3D-School-Attendance\server-php\api\locations.php:23
Stack trace:
#0 C:\xampp\htdocs\3D-School-Attendance\server-php\api\locations.php(23): mysqli->query('SELECT building...')
#1 C:\xampp\htdocs\3D-School-Attendance\server-php\index.php(83): require_once('C:\\xampp\\htdocs...')
#2 {main}
  thrown in C:\xampp\htdocs\3D-School-Attendance\server-php\api\locations.php on line 23
[23-Jan-2026 23:31:13 Asia/Manila] PHP Fatal error:  Uncaught mysqli_sql_exception: Unknown column 'latitude' in 'field list' in C:\xampp\htdocs\3D-School-Attendance\server-php\api\locations.php:23
Stack trace:
#0 C:\xampp\htdocs\3D-School-Attendance\server-php\api\locations.php(23): mysqli->query('SELECT building...')
#1 C:\xampp\htdocs\3D-School-Attendance\server-php\index.php(83): require_once('C:\\xampp\\htdocs...')
#2 {main}
  thrown in C:\xampp\htdocs\3D-School-Attendance\server-php\api\locations.php on line 23
[23-Jan-2026 23:45:02 Asia/Manila] PHP Fatal error:  Uncaught mysqli_sql_exception: Unknown column 'latitude' in 'field list' in C:\xampp\htdocs\3D-School-Attendance\server-php\api\locations.php:24
Stack trace:
#0 C:\xampp\htdocs\3D-School-Attendance\server-php\api\locations.php(24): mysqli->query('SELECT building...')
#1 C:\xampp\htdocs\3D-School-Attendance\server-php\index.php(83): require_once('C:\\xampp\\htdocs...')
#2 {main}
  thrown in C:\xampp\htdocs\3D-School-Attendance\server-php\api\locations.php on line 24
[25-Jan-2026 23:54:54 Asia/Manila] PHP Fatal error:  Uncaught mysqli_sql_exception: Unknown column 'latitude' in 'field list' in C:\xampp\htdocs\3D-School-Attendance\server-php\api\attendance.php:215
Stack trace:
#0 C:\xampp\htdocs\3D-School-Attendance\server-php\api\attendance.php(215): mysqli->prepare('SELECT building...')
#1 C:\xampp\htdocs\3D-School-Attendance\server-php\index.php(75): require_once('C:\\xampp\\htdocs...')
#2 {main}
  thrown in C:\xampp\htdocs\3D-School-Attendance\server-php\api\attendance.php on line 215
[25-Jan-2026 23:54:57 Asia/Manila] PHP Fatal error:  Uncaught mysqli_sql_exception: Unknown column 'latitude' in 'field list' in C:\xampp\htdocs\3D-School-Attendance\server-php\api\attendance.php:215
Stack trace:
#0 C:\xampp\htdocs\3D-School-Attendance\server-php\api\attendance.php(215): mysqli->prepare('SELECT building...')
#1 C:\xampp\htdocs\3D-School-Attendance\server-php\index.php(75): require_once('C:\\xampp\\htdocs...')
#2 {main}
  thrown in C:\xampp\htdocs\3D-School-Attendance\server-php\api\attendance.php on line 215
[25-Jan-2026 23:55:01 Asia/Manila] PHP Fatal error:  Uncaught mysqli_sql_exception: Unknown column 'latitude' in 'field list' in C:\xampp\htdocs\3D-School-Attendance\server-php\api\attendance.php:215
Stack trace:
#0 C:\xampp\htdocs\3D-School-Attendance\server-php\api\attendance.php(215): mysqli->prepare('SELECT building...')
#1 C:\xampp\htdocs\3D-School-Attendance\server-php\index.php(75): require_once('C:\\xampp\\htdocs...')
#2 {main}
  thrown in C:\xampp\htdocs\3D-School-Attendance\server-php\api\attendance.php on line 215
[25-Jan-2026 23:55:14 Asia/Manila] PHP Fatal error:  Uncaught mysqli_sql_exception: Unknown column 'latitude' in 'field list' in C:\xampp\htdocs\3D-School-Attendance\server-php\api\attendance.php:215
Stack trace:
#0 C:\xampp\htdocs\3D-School-Attendance\server-php\api\attendance.php(215): mysqli->prepare('SELECT building...')
#1 C:\xampp\htdocs\3D-School-Attendance\server-php\index.php(75): require_once('C:\\xampp\\htdocs...')
#2 {main}
  thrown in C:\xampp\htdocs\3D-School-Attendance\server-php\api\attendance.php on line 215
[30-Jan-2026 02:17:08 Asia/Manila] PHP Fatal error:  Uncaught mysqli_sql_exception: Unknown column 'latitude' in 'field list' in C:\xampp\htdocs\3D_SCHOOL_FOR_TEACHER_ATTENDANCE_TRACKING_P1\server-php\api\dashboard.php:88
Stack trace:
#0 C:\xampp\htdocs\3D_SCHOOL_FOR_TEACHER_ATTENDANCE_TRACKING_P1\server-php\api\dashboard.php(88): mysqli->query('SELECT room_id,...')
#1 C:\xampp\htdocs\3D_SCHOOL_FOR_TEACHER_ATTENDANCE_TRACKING_P1\server-php\index.php(72): require_once('C:\\xampp\\htdocs...')
#2 {main}
  thrown in C:\xampp\htdocs\3D_SCHOOL_FOR_TEACHER_ATTENDANCE_TRACKING_P1\server-php\api\dashboard.php on line 88
[30-Jan-2026 02:17:10 Asia/Manila] PHP Fatal error:  Uncaught mysqli_sql_exception: Unknown column 'latitude' in 'field list' in C:\xampp\htdocs\3D_SCHOOL_FOR_TEACHER_ATTENDANCE_TRACKING_P1\server-php\api\dashboard.php:88
Stack trace:
#0 C:\xampp\htdocs\3D_SCHOOL_FOR_TEACHER_ATTENDANCE_TRACKING_P1\server-php\api\dashboard.php(88): mysqli->query('SELECT room_id,...')
#1 C:\xampp\htdocs\3D_SCHOOL_FOR_TEACHER_ATTENDANCE_TRACKING_P1\server-php\index.php(72): require_once('C:\\xampp\\htdocs...')
#2 {main}
  thrown in C:\xampp\htdocs\3D_SCHOOL_FOR_TEACHER_ATTENDANCE_TRACKING_P1\server-php\api\dashboard.php on line 88
[30-Jan-2026 02:17:10 Asia/Manila] PHP Fatal error:  Uncaught mysqli_sql_exception: Unknown column 'latitude' in 'field list' in C:\xampp\htdocs\3D_SCHOOL_FOR_TEACHER_ATTENDANCE_TRACKING_P1\server-php\api\dashboard.php:88
Stack trace:
#0 C:\xampp\htdocs\3D_SCHOOL_FOR_TEACHER_ATTENDANCE_TRACKING_P1\server-php\api\dashboard.php(88): mysqli->query('SELECT room_id,...')
#1 C:\xampp\htdocs\3D_SCHOOL_FOR_TEACHER_ATTENDANCE_TRACKING_P1\server-php\index.php(72): require_once('C:\\xampp\\htdocs...')
#2 {main}
  thrown in C:\xampp\htdocs\3D_SCHOOL_FOR_TEACHER_ATTENDANCE_TRACKING_P1\server-php\api\dashboard.php on line 88
[30-Jan-2026 02:17:10 Asia/Manila] PHP Fatal error:  Uncaught mysqli_sql_exception: Unknown column 'latitude' in 'field list' in C:\xampp\htdocs\3D_SCHOOL_FOR_TEACHER_ATTENDANCE_TRACKING_P1\server-php\api\dashboard.php:88
Stack trace:
#0 C:\xampp\htdocs\3D_SCHOOL_FOR_TEACHER_ATTENDANCE_TRACKING_P1\server-php\api\dashboard.php(88): mysqli->query('SELECT room_id,...')
#1 C:\xampp\htdocs\3D_SCHOOL_FOR_TEACHER_ATTENDANCE_TRACKING_P1\server-php\index.php(72): require_once('C:\\xampp\\htdocs...')
#2 {main}
  thrown in C:\xampp\htdocs\3D_SCHOOL_FOR_TEACHER_ATTENDANCE_TRACKING_P1\server-php\api\dashboard.php on line 88
[30-Jan-2026 02:17:25 Asia/Manila] PHP Fatal error:  Uncaught mysqli_sql_exception: Unknown column 'latitude' in 'field list' in C:\xampp\htdocs\3D_SCHOOL_FOR_TEACHER_ATTENDANCE_TRACKING_P1\server-php\api\dashboard.php:88
Stack trace:
#0 C:\xampp\htdocs\3D_SCHOOL_FOR_TEACHER_ATTENDANCE_TRACKING_P1\server-php\api\dashboard.php(88): mysqli->query('SELECT room_id,...')
#1 C:\xampp\htdocs\3D_SCHOOL_FOR_TEACHER_ATTENDANCE_TRACKING_P1\server-php\index.php(72): require_once('C:\\xampp\\htdocs...')
#2 {main}
  thrown in C:\xampp\htdocs\3D_SCHOOL_FOR_TEACHER_ATTENDANCE_TRACKING_P1\server-php\api\dashboard.php on line 88
[30-Jan-2026 02:17:25 Asia/Manila] PHP Fatal error:  Uncaught mysqli_sql_exception: Unknown column 'latitude' in 'field list' in C:\xampp\htdocs\3D_SCHOOL_FOR_TEACHER_ATTENDANCE_TRACKING_P1\server-php\api\dashboard.php:88
Stack trace:
#0 C:\xampp\htdocs\3D_SCHOOL_FOR_TEACHER_ATTENDANCE_TRACKING_P1\server-php\api\dashboard.php(88): mysqli->query('SELECT room_id,...')
#1 C:\xampp\htdocs\3D_SCHOOL_FOR_TEACHER_ATTENDANCE_TRACKING_P1\server-php\index.php(72): require_once('C:\\xampp\\htdocs...')
#2 {main}
  thrown in C:\xampp\htdocs\3D_SCHOOL_FOR_TEACHER_ATTENDANCE_TRACKING_P1\server-php\api\dashboard.php on line 88
[30-Jan-2026 02:17:41 Asia/Manila] PHP Fatal error:  Uncaught mysqli_sql_exception: Unknown column 'latitude' in 'field list' in C:\xampp\htdocs\3D_SCHOOL_FOR_TEACHER_ATTENDANCE_TRACKING_P1\server-php\api\dashboard.php:88
Stack trace:
#0 C:\xampp\htdocs\3D_SCHOOL_FOR_TEACHER_ATTENDANCE_TRACKING_P1\server-php\api\dashboard.php(88): mysqli->query('SELECT room_id,...')
#1 C:\xampp\htdocs\3D_SCHOOL_FOR_TEACHER_ATTENDANCE_TRACKING_P1\server-php\index.php(72): require_once('C:\\xampp\\htdocs...')
#2 {main}
  thrown in C:\xampp\htdocs\3D_SCHOOL_FOR_TEACHER_ATTENDANCE_TRACKING_P1\server-php\api\dashboard.php on line 88
[30-Jan-2026 02:17:41 Asia/Manila] PHP Fatal error:  Uncaught mysqli_sql_exception: Unknown column 'latitude' in 'field list' in C:\xampp\htdocs\3D_SCHOOL_FOR_TEACHER_ATTENDANCE_TRACKING_P1\server-php\api\dashboard.php:88
Stack trace:
#0 C:\xampp\htdocs\3D_SCHOOL_FOR_TEACHER_ATTENDANCE_TRACKING_P1\server-php\api\dashboard.php(88): mysqli->query('SELECT room_id,...')
#1 C:\xampp\htdocs\3D_SCHOOL_FOR_TEACHER_ATTENDANCE_TRACKING_P1\server-php\index.php(72): require_once('C:\\xampp\\htdocs...')
#2 {main}
  thrown in C:\xampp\htdocs\3D_SCHOOL_FOR_TEACHER_ATTENDANCE_TRACKING_P1\server-php\api\dashboard.php on line 88
[30-Jan-2026 02:17:56 Asia/Manila] PHP Fatal error:  Uncaught mysqli_sql_exception: Unknown column 'latitude' in 'field list' in C:\xampp\htdocs\3D_SCHOOL_FOR_TEACHER_ATTENDANCE_TRACKING_P1\server-php\api\dashboard.php:88
Stack trace:
#0 C:\xampp\htdocs\3D_SCHOOL_FOR_TEACHER_ATTENDANCE_TRACKING_P1\server-php\api\dashboard.php(88): mysqli->query('SELECT room_id,...')
#1 C:\xampp\htdocs\3D_SCHOOL_FOR_TEACHER_ATTENDANCE_TRACKING_P1\server-php\index.php(72): require_once('C:\\xampp\\htdocs...')
#2 {main}
  thrown in C:\xampp\htdocs\3D_SCHOOL_FOR_TEACHER_ATTENDANCE_TRACKING_P1\server-php\api\dashboard.php on line 88
[30-Jan-2026 02:17:56 Asia/Manila] PHP Fatal error:  Uncaught mysqli_sql_exception: Unknown column 'latitude' in 'field list' in C:\xampp\htdocs\3D_SCHOOL_FOR_TEACHER_ATTENDANCE_TRACKING_P1\server-php\api\dashboard.php:88
Stack trace:
#0 C:\xampp\htdocs\3D_SCHOOL_FOR_TEACHER_ATTENDANCE_TRACKING_P1\server-php\api\dashboard.php(88): mysqli->query('SELECT room_id,...')
#1 C:\xampp\htdocs\3D_SCHOOL_FOR_TEACHER_ATTENDANCE_TRACKING_P1\server-php\index.php(72): require_once('C:\\xampp\\htdocs...')
#2 {main}
  thrown in C:\xampp\htdocs\3D_SCHOOL_FOR_TEACHER_ATTENDANCE_TRACKING_P1\server-php\api\dashboard.php on line 88
[30-Jan-2026 02:18:11 Asia/Manila] PHP Fatal error:  Uncaught mysqli_sql_exception: Unknown column 'latitude' in 'field list' in C:\xampp\htdocs\3D_SCHOOL_FOR_TEACHER_ATTENDANCE_TRACKING_P1\server-php\api\dashboard.php:88
Stack trace:
#0 C:\xampp\htdocs\3D_SCHOOL_FOR_TEACHER_ATTENDANCE_TRACKING_P1\server-php\api\dashboard.php(88): mysqli->query('SELECT room_id,...')
#1 C:\xampp\htdocs\3D_SCHOOL_FOR_TEACHER_ATTENDANCE_TRACKING_P1\server-php\index.php(72): require_once('C:\\xampp\\htdocs...')
#2 {main}
  thrown in C:\xampp\htdocs\3D_SCHOOL_FOR_TEACHER_ATTENDANCE_TRACKING_P1\server-php\api\dashboard.php on line 88
[30-Jan-2026 02:18:11 Asia/Manila] PHP Fatal error:  Uncaught mysqli_sql_exception: Unknown column 'latitude' in 'field list' in C:\xampp\htdocs\3D_SCHOOL_FOR_TEACHER_ATTENDANCE_TRACKING_P1\server-php\api\dashboard.php:88
Stack trace:
#0 C:\xampp\htdocs\3D_SCHOOL_FOR_TEACHER_ATTENDANCE_TRACKING_P1\server-php\api\dashboard.php(88): mysqli->query('SELECT room_id,...')
#1 C:\xampp\htdocs\3D_SCHOOL_FOR_TEACHER_ATTENDANCE_TRACKING_P1\server-php\index.php(72): require_once('C:\\xampp\\htdocs...')
#2 {main}
  thrown in C:\xampp\htdocs\3D_SCHOOL_FOR_TEACHER_ATTENDANCE_TRACKING_P1\server-php\api\dashboard.php on line 88
[30-Jan-2026 02:18:26 Asia/Manila] PHP Fatal error:  Uncaught mysqli_sql_exception: Unknown column 'latitude' in 'field list' in C:\xampp\htdocs\3D_SCHOOL_FOR_TEACHER_ATTENDANCE_TRACKING_P1\server-php\api\dashboard.php:88
Stack trace:
#0 C:\xampp\htdocs\3D_SCHOOL_FOR_TEACHER_ATTENDANCE_TRACKING_P1\server-php\api\dashboard.php(88): mysqli->query('SELECT room_id,...')
#1 C:\xampp\htdocs\3D_SCHOOL_FOR_TEACHER_ATTENDANCE_TRACKING_P1\server-php\index.php(72): require_once('C:\\xampp\\htdocs...')
#2 {main}
  thrown in C:\xampp\htdocs\3D_SCHOOL_FOR_TEACHER_ATTENDANCE_TRACKING_P1\server-php\api\dashboard.php on line 88
[30-Jan-2026 02:18:26 Asia/Manila] PHP Fatal error:  Uncaught mysqli_sql_exception: Unknown column 'latitude' in 'field list' in C:\xampp\htdocs\3D_SCHOOL_FOR_TEACHER_ATTENDANCE_TRACKING_P1\server-php\api\dashboard.php:88
Stack trace:
#0 C:\xampp\htdocs\3D_SCHOOL_FOR_TEACHER_ATTENDANCE_TRACKING_P1\server-php\api\dashboard.php(88): mysqli->query('SELECT room_id,...')
#1 C:\xampp\htdocs\3D_SCHOOL_FOR_TEACHER_ATTENDANCE_TRACKING_P1\server-php\index.php(72): require_once('C:\\xampp\\htdocs...')
#2 {main}
  thrown in C:\xampp\htdocs\3D_SCHOOL_FOR_TEACHER_ATTENDANCE_TRACKING_P1\server-php\api\dashboard.php on line 88
[30-Jan-2026 02:18:41 Asia/Manila] PHP Fatal error:  Uncaught mysqli_sql_exception: Unknown column 'latitude' in 'field list' in C:\xampp\htdocs\3D_SCHOOL_FOR_TEACHER_ATTENDANCE_TRACKING_P1\server-php\api\dashboard.php:88
Stack trace:
#0 C:\xampp\htdocs\3D_SCHOOL_FOR_TEACHER_ATTENDANCE_TRACKING_P1\server-php\api\dashboard.php(88): mysqli->query('SELECT room_id,...')
#1 C:\xampp\htdocs\3D_SCHOOL_FOR_TEACHER_ATTENDANCE_TRACKING_P1\server-php\index.php(72): require_once('C:\\xampp\\htdocs...')
#2 {main}
  thrown in C:\xampp\htdocs\3D_SCHOOL_FOR_TEACHER_ATTENDANCE_TRACKING_P1\server-php\api\dashboard.php on line 88
[30-Jan-2026 02:18:41 Asia/Manila] PHP Fatal error:  Uncaught mysqli_sql_exception: Unknown column 'latitude' in 'field list' in C:\xampp\htdocs\3D_SCHOOL_FOR_TEACHER_ATTENDANCE_TRACKING_P1\server-php\api\dashboard.php:88
Stack trace:
#0 C:\xampp\htdocs\3D_SCHOOL_FOR_TEACHER_ATTENDANCE_TRACKING_P1\server-php\api\dashboard.php(88): mysqli->query('SELECT room_id,...')
#1 C:\xampp\htdocs\3D_SCHOOL_FOR_TEACHER_ATTENDANCE_TRACKING_P1\server-php\index.php(72): require_once('C:\\xampp\\htdocs...')
#2 {main}
  thrown in C:\xampp\htdocs\3D_SCHOOL_FOR_TEACHER_ATTENDANCE_TRACKING_P1\server-php\api\dashboard.php on line 88
[30-Jan-2026 02:18:56 Asia/Manila] PHP Fatal error:  Uncaught mysqli_sql_exception: Unknown column 'latitude' in 'field list' in C:\xampp\htdocs\3D_SCHOOL_FOR_TEACHER_ATTENDANCE_TRACKING_P1\server-php\api\dashboard.php:88
Stack trace:
#0 C:\xampp\htdocs\3D_SCHOOL_FOR_TEACHER_ATTENDANCE_TRACKING_P1\server-php\api\dashboard.php(88): mysqli->query('SELECT room_id,...')
#1 C:\xampp\htdocs\3D_SCHOOL_FOR_TEACHER_ATTENDANCE_TRACKING_P1\server-php\index.php(72): require_once('C:\\xampp\\htdocs...')
#2 {main}
  thrown in C:\xampp\htdocs\3D_SCHOOL_FOR_TEACHER_ATTENDANCE_TRACKING_P1\server-php\api\dashboard.php on line 88
[30-Jan-2026 02:18:56 Asia/Manila] PHP Fatal error:  Uncaught mysqli_sql_exception: Unknown column 'latitude' in 'field list' in C:\xampp\htdocs\3D_SCHOOL_FOR_TEACHER_ATTENDANCE_TRACKING_P1\server-php\api\dashboard.php:88
Stack trace:
#0 C:\xampp\htdocs\3D_SCHOOL_FOR_TEACHER_ATTENDANCE_TRACKING_P1\server-php\api\dashboard.php(88): mysqli->query('SELECT room_id,...')
#1 C:\xampp\htdocs\3D_SCHOOL_FOR_TEACHER_ATTENDANCE_TRACKING_P1\server-php\index.php(72): require_once('C:\\xampp\\htdocs...')
#2 {main}
  thrown in C:\xampp\htdocs\3D_SCHOOL_FOR_TEACHER_ATTENDANCE_TRACKING_P1\server-php\api\dashboard.php on line 88
[30-Jan-2026 02:19:10 Asia/Manila] PHP Fatal error:  Uncaught mysqli_sql_exception: Unknown column 'latitude' in 'field list' in C:\xampp\htdocs\3D_SCHOOL_FOR_TEACHER_ATTENDANCE_TRACKING_P1\server-php\api\dashboard.php:88
Stack trace:
#0 C:\xampp\htdocs\3D_SCHOOL_FOR_TEACHER_ATTENDANCE_TRACKING_P1\server-php\api\dashboard.php(88): mysqli->query('SELECT room_id,...')
#1 C:\xampp\htdocs\3D_SCHOOL_FOR_TEACHER_ATTENDANCE_TRACKING_P1\server-php\index.php(72): require_once('C:\\xampp\\htdocs...')
#2 {main}
  thrown in C:\xampp\htdocs\3D_SCHOOL_FOR_TEACHER_ATTENDANCE_TRACKING_P1\server-php\api\dashboard.php on line 88
[30-Jan-2026 02:19:10 Asia/Manila] PHP Fatal error:  Uncaught mysqli_sql_exception: Unknown column 'latitude' in 'field list' in C:\xampp\htdocs\3D_SCHOOL_FOR_TEACHER_ATTENDANCE_TRACKING_P1\server-php\api\dashboard.php:88
Stack trace:
#0 C:\xampp\htdocs\3D_SCHOOL_FOR_TEACHER_ATTENDANCE_TRACKING_P1\server-php\api\dashboard.php(88): mysqli->query('SELECT room_id,...')
#1 C:\xampp\htdocs\3D_SCHOOL_FOR_TEACHER_ATTENDANCE_TRACKING_P1\server-php\index.php(72): require_once('C:\\xampp\\htdocs...')
#2 {main}
  thrown in C:\xampp\htdocs\3D_SCHOOL_FOR_TEACHER_ATTENDANCE_TRACKING_P1\server-php\api\dashboard.php on line 88
[30-Jan-2026 02:19:25 Asia/Manila] PHP Fatal error:  Uncaught mysqli_sql_exception: Unknown column 'latitude' in 'field list' in C:\xampp\htdocs\3D_SCHOOL_FOR_TEACHER_ATTENDANCE_TRACKING_P1\server-php\api\dashboard.php:88
Stack trace:
#0 C:\xampp\htdocs\3D_SCHOOL_FOR_TEACHER_ATTENDANCE_TRACKING_P1\server-php\api\dashboard.php(88): mysqli->query('SELECT room_id,...')
#1 C:\xampp\htdocs\3D_SCHOOL_FOR_TEACHER_ATTENDANCE_TRACKING_P1\server-php\index.php(72): require_once('C:\\xampp\\htdocs...')
#2 {main}
  thrown in C:\xampp\htdocs\3D_SCHOOL_FOR_TEACHER_ATTENDANCE_TRACKING_P1\server-php\api\dashboard.php on line 88
[30-Jan-2026 02:19:25 Asia/Manila] PHP Fatal error:  Uncaught mysqli_sql_exception: Unknown column 'latitude' in 'field list' in C:\xampp\htdocs\3D_SCHOOL_FOR_TEACHER_ATTENDANCE_TRACKING_P1\server-php\api\dashboard.php:88
Stack trace:
#0 C:\xampp\htdocs\3D_SCHOOL_FOR_TEACHER_ATTENDANCE_TRACKING_P1\server-php\api\dashboard.php(88): mysqli->query('SELECT room_id,...')
#1 C:\xampp\htdocs\3D_SCHOOL_FOR_TEACHER_ATTENDANCE_TRACKING_P1\server-php\index.php(72): require_once('C:\\xampp\\htdocs...')
#2 {main}
  thrown in C:\xampp\htdocs\3D_SCHOOL_FOR_TEACHER_ATTENDANCE_TRACKING_P1\server-php\api\dashboard.php on line 88
[30-Jan-2026 02:19:41 Asia/Manila] PHP Fatal error:  Uncaught mysqli_sql_exception: Unknown column 'latitude' in 'field list' in C:\xampp\htdocs\3D_SCHOOL_FOR_TEACHER_ATTENDANCE_TRACKING_P1\server-php\api\dashboard.php:88
Stack trace:
#0 C:\xampp\htdocs\3D_SCHOOL_FOR_TEACHER_ATTENDANCE_TRACKING_P1\server-php\api\dashboard.php(88): mysqli->query('SELECT room_id,...')
#1 C:\xampp\htdocs\3D_SCHOOL_FOR_TEACHER_ATTENDANCE_TRACKING_P1\server-php\index.php(72): require_once('C:\\xampp\\htdocs...')
#2 {main}
  thrown in C:\xampp\htdocs\3D_SCHOOL_FOR_TEACHER_ATTENDANCE_TRACKING_P1\server-php\api\dashboard.php on line 88
[30-Jan-2026 02:19:41 Asia/Manila] PHP Fatal error:  Uncaught mysqli_sql_exception: Unknown column 'latitude' in 'field list' in C:\xampp\htdocs\3D_SCHOOL_FOR_TEACHER_ATTENDANCE_TRACKING_P1\server-php\api\dashboard.php:88
Stack trace:
#0 C:\xampp\htdocs\3D_SCHOOL_FOR_TEACHER_ATTENDANCE_TRACKING_P1\server-php\api\dashboard.php(88): mysqli->query('SELECT room_id,...')
#1 C:\xampp\htdocs\3D_SCHOOL_FOR_TEACHER_ATTENDANCE_TRACKING_P1\server-php\index.php(72): require_once('C:\\xampp\\htdocs...')
#2 {main}
  thrown in C:\xampp\htdocs\3D_SCHOOL_FOR_TEACHER_ATTENDANCE_TRACKING_P1\server-php\api\dashboard.php on line 88
[30-Jan-2026 02:19:56 Asia/Manila] PHP Fatal error:  Uncaught mysqli_sql_exception: Unknown column 'latitude' in 'field list' in C:\xampp\htdocs\3D_SCHOOL_FOR_TEACHER_ATTENDANCE_TRACKING_P1\server-php\api\dashboard.php:88
Stack trace:
#0 C:\xampp\htdocs\3D_SCHOOL_FOR_TEACHER_ATTENDANCE_TRACKING_P1\server-php\api\dashboard.php(88): mysqli->query('SELECT room_id,...')
#1 C:\xampp\htdocs\3D_SCHOOL_FOR_TEACHER_ATTENDANCE_TRACKING_P1\server-php\index.php(72): require_once('C:\\xampp\\htdocs...')
#2 {main}
  thrown in C:\xampp\htdocs\3D_SCHOOL_FOR_TEACHER_ATTENDANCE_TRACKING_P1\server-php\api\dashboard.php on line 88
[30-Jan-2026 02:19:56 Asia/Manila] PHP Fatal error:  Uncaught mysqli_sql_exception: Unknown column 'latitude' in 'field list' in C:\xampp\htdocs\3D_SCHOOL_FOR_TEACHER_ATTENDANCE_TRACKING_P1\server-php\api\dashboard.php:88
Stack trace:
#0 C:\xampp\htdocs\3D_SCHOOL_FOR_TEACHER_ATTENDANCE_TRACKING_P1\server-php\api\dashboard.php(88): mysqli->query('SELECT room_id,...')
#1 C:\xampp\htdocs\3D_SCHOOL_FOR_TEACHER_ATTENDANCE_TRACKING_P1\server-php\index.php(72): require_once('C:\\xampp\\htdocs...')
#2 {main}
  thrown in C:\xampp\htdocs\3D_SCHOOL_FOR_TEACHER_ATTENDANCE_TRACKING_P1\server-php\api\dashboard.php on line 88
[30-Jan-2026 02:20:11 Asia/Manila] PHP Fatal error:  Uncaught mysqli_sql_exception: Unknown column 'latitude' in 'field list' in C:\xampp\htdocs\3D_SCHOOL_FOR_TEACHER_ATTENDANCE_TRACKING_P1\server-php\api\dashboard.php:88
Stack trace:
#0 C:\xampp\htdocs\3D_SCHOOL_FOR_TEACHER_ATTENDANCE_TRACKING_P1\server-php\api\dashboard.php(88): mysqli->query('SELECT room_id,...')
#1 C:\xampp\htdocs\3D_SCHOOL_FOR_TEACHER_ATTENDANCE_TRACKING_P1\server-php\index.php(72): require_once('C:\\xampp\\htdocs...')
#2 {main}
  thrown in C:\xampp\htdocs\3D_SCHOOL_FOR_TEACHER_ATTENDANCE_TRACKING_P1\server-php\api\dashboard.php on line 88
[30-Jan-2026 02:20:11 Asia/Manila] PHP Fatal error:  Uncaught mysqli_sql_exception: Unknown column 'latitude' in 'field list' in C:\xampp\htdocs\3D_SCHOOL_FOR_TEACHER_ATTENDANCE_TRACKING_P1\server-php\api\dashboard.php:88
Stack trace:
#0 C:\xampp\htdocs\3D_SCHOOL_FOR_TEACHER_ATTENDANCE_TRACKING_P1\server-php\api\dashboard.php(88): mysqli->query('SELECT room_id,...')
#1 C:\xampp\htdocs\3D_SCHOOL_FOR_TEACHER_ATTENDANCE_TRACKING_P1\server-php\index.php(72): require_once('C:\\xampp\\htdocs...')
#2 {main}
  thrown in C:\xampp\htdocs\3D_SCHOOL_FOR_TEACHER_ATTENDANCE_TRACKING_P1\server-php\api\dashboard.php on line 88
[30-Jan-2026 02:20:26 Asia/Manila] PHP Fatal error:  Uncaught mysqli_sql_exception: Unknown column 'latitude' in 'field list' in C:\xampp\htdocs\3D_SCHOOL_FOR_TEACHER_ATTENDANCE_TRACKING_P1\server-php\api\dashboard.php:88
Stack trace:
#0 C:\xampp\htdocs\3D_SCHOOL_FOR_TEACHER_ATTENDANCE_TRACKING_P1\server-php\api\dashboard.php(88): mysqli->query('SELECT room_id,...')
#1 C:\xampp\htdocs\3D_SCHOOL_FOR_TEACHER_ATTENDANCE_TRACKING_P1\server-php\index.php(72): require_once('C:\\xampp\\htdocs...')
#2 {main}
  thrown in C:\xampp\htdocs\3D_SCHOOL_FOR_TEACHER_ATTENDANCE_TRACKING_P1\server-php\api\dashboard.php on line 88
[30-Jan-2026 02:20:26 Asia/Manila] PHP Fatal error:  Uncaught mysqli_sql_exception: Unknown column 'latitude' in 'field list' in C:\xampp\htdocs\3D_SCHOOL_FOR_TEACHER_ATTENDANCE_TRACKING_P1\server-php\api\dashboard.php:88
Stack trace:
#0 C:\xampp\htdocs\3D_SCHOOL_FOR_TEACHER_ATTENDANCE_TRACKING_P1\server-php\api\dashboard.php(88): mysqli->query('SELECT room_id,...')
#1 C:\xampp\htdocs\3D_SCHOOL_FOR_TEACHER_ATTENDANCE_TRACKING_P1\server-php\index.php(72): require_once('C:\\xampp\\htdocs...')
#2 {main}
  thrown in C:\xampp\htdocs\3D_SCHOOL_FOR_TEACHER_ATTENDANCE_TRACKING_P1\server-php\api\dashboard.php on line 88
[30-Jan-2026 02:20:40 Asia/Manila] PHP Fatal error:  Uncaught mysqli_sql_exception: Unknown column 'latitude' in 'field list' in C:\xampp\htdocs\3D_SCHOOL_FOR_TEACHER_ATTENDANCE_TRACKING_P1\server-php\api\dashboard.php:88
Stack trace:
#0 C:\xampp\htdocs\3D_SCHOOL_FOR_TEACHER_ATTENDANCE_TRACKING_P1\server-php\api\dashboard.php(88): mysqli->query('SELECT room_id,...')
#1 C:\xampp\htdocs\3D_SCHOOL_FOR_TEACHER_ATTENDANCE_TRACKING_P1\server-php\index.php(72): require_once('C:\\xampp\\htdocs...')
#2 {main}
  thrown in C:\xampp\htdocs\3D_SCHOOL_FOR_TEACHER_ATTENDANCE_TRACKING_P1\server-php\api\dashboard.php on line 88
[30-Jan-2026 02:20:40 Asia/Manila] PHP Fatal error:  Uncaught mysqli_sql_exception: Unknown column 'latitude' in 'field list' in C:\xampp\htdocs\3D_SCHOOL_FOR_TEACHER_ATTENDANCE_TRACKING_P1\server-php\api\dashboard.php:88
Stack trace:
#0 C:\xampp\htdocs\3D_SCHOOL_FOR_TEACHER_ATTENDANCE_TRACKING_P1\server-php\api\dashboard.php(88): mysqli->query('SELECT room_id,...')
#1 C:\xampp\htdocs\3D_SCHOOL_FOR_TEACHER_ATTENDANCE_TRACKING_P1\server-php\index.php(72): require_once('C:\\xampp\\htdocs...')
#2 {main}
  thrown in C:\xampp\htdocs\3D_SCHOOL_FOR_TEACHER_ATTENDANCE_TRACKING_P1\server-php\api\dashboard.php on line 88
[30-Jan-2026 02:20:48 Asia/Manila] PHP Fatal error:  Uncaught mysqli_sql_exception: Column 'building_id' cannot be null in C:\xampp\htdocs\3D_SCHOOL_FOR_TEACHER_ATTENDANCE_TRACKING_P1\server-php\api\locations.php:100
Stack trace:
#0 C:\xampp\htdocs\3D_SCHOOL_FOR_TEACHER_ATTENDANCE_TRACKING_P1\server-php\api\locations.php(100): mysqli_stmt->execute()
#1 C:\xampp\htdocs\3D_SCHOOL_FOR_TEACHER_ATTENDANCE_TRACKING_P1\server-php\index.php(83): require_once('C:\\xampp\\htdocs...')
#2 {main}
  thrown in C:\xampp\htdocs\3D_SCHOOL_FOR_TEACHER_ATTENDANCE_TRACKING_P1\server-php\api\locations.php on line 100
[30-Jan-2026 02:20:55 Asia/Manila] PHP Fatal error:  Uncaught mysqli_sql_exception: Unknown column 'latitude' in 'field list' in C:\xampp\htdocs\3D_SCHOOL_FOR_TEACHER_ATTENDANCE_TRACKING_P1\server-php\api\dashboard.php:88
Stack trace:
#0 C:\xampp\htdocs\3D_SCHOOL_FOR_TEACHER_ATTENDANCE_TRACKING_P1\server-php\api\dashboard.php(88): mysqli->query('SELECT room_id,...')
#1 C:\xampp\htdocs\3D_SCHOOL_FOR_TEACHER_ATTENDANCE_TRACKING_P1\server-php\index.php(72): require_once('C:\\xampp\\htdocs...')
#2 {main}
  thrown in C:\xampp\htdocs\3D_SCHOOL_FOR_TEACHER_ATTENDANCE_TRACKING_P1\server-php\api\dashboard.php on line 88
[30-Jan-2026 02:20:55 Asia/Manila] PHP Fatal error:  Uncaught mysqli_sql_exception: Unknown column 'latitude' in 'field list' in C:\xampp\htdocs\3D_SCHOOL_FOR_TEACHER_ATTENDANCE_TRACKING_P1\server-php\api\dashboard.php:88
Stack trace:
#0 C:\xampp\htdocs\3D_SCHOOL_FOR_TEACHER_ATTENDANCE_TRACKING_P1\server-php\api\dashboard.php(88): mysqli->query('SELECT room_id,...')
#1 C:\xampp\htdocs\3D_SCHOOL_FOR_TEACHER_ATTENDANCE_TRACKING_P1\server-php\index.php(72): require_once('C:\\xampp\\htdocs...')
#2 {main}
  thrown in C:\xampp\htdocs\3D_SCHOOL_FOR_TEACHER_ATTENDANCE_TRACKING_P1\server-php\api\dashboard.php on line 88
[30-Jan-2026 02:21:10 Asia/Manila] PHP Fatal error:  Uncaught mysqli_sql_exception: Unknown column 'latitude' in 'field list' in C:\xampp\htdocs\3D_SCHOOL_FOR_TEACHER_ATTENDANCE_TRACKING_P1\server-php\api\dashboard.php:88
Stack trace:
#0 C:\xampp\htdocs\3D_SCHOOL_FOR_TEACHER_ATTENDANCE_TRACKING_P1\server-php\api\dashboard.php(88): mysqli->query('SELECT room_id,...')
#1 C:\xampp\htdocs\3D_SCHOOL_FOR_TEACHER_ATTENDANCE_TRACKING_P1\server-php\index.php(72): require_once('C:\\xampp\\htdocs...')
#2 {main}
  thrown in C:\xampp\htdocs\3D_SCHOOL_FOR_TEACHER_ATTENDANCE_TRACKING_P1\server-php\api\dashboard.php on line 88
[30-Jan-2026 02:21:10 Asia/Manila] PHP Fatal error:  Uncaught mysqli_sql_exception: Unknown column 'latitude' in 'field list' in C:\xampp\htdocs\3D_SCHOOL_FOR_TEACHER_ATTENDANCE_TRACKING_P1\server-php\api\dashboard.php:88
Stack trace:
#0 C:\xampp\htdocs\3D_SCHOOL_FOR_TEACHER_ATTENDANCE_TRACKING_P1\server-php\api\dashboard.php(88): mysqli->query('SELECT room_id,...')
#1 C:\xampp\htdocs\3D_SCHOOL_FOR_TEACHER_ATTENDANCE_TRACKING_P1\server-php\index.php(72): require_once('C:\\xampp\\htdocs...')
#2 {main}
  thrown in C:\xampp\htdocs\3D_SCHOOL_FOR_TEACHER_ATTENDANCE_TRACKING_P1\server-php\api\dashboard.php on line 88
[30-Jan-2026 02:21:25 Asia/Manila] PHP Fatal error:  Uncaught mysqli_sql_exception: Unknown column 'latitude' in 'field list' in C:\xampp\htdocs\3D_SCHOOL_FOR_TEACHER_ATTENDANCE_TRACKING_P1\server-php\api\dashboard.php:88
Stack trace:
#0 C:\xampp\htdocs\3D_SCHOOL_FOR_TEACHER_ATTENDANCE_TRACKING_P1\server-php\api\dashboard.php(88): mysqli->query('SELECT room_id,...')
#1 C:\xampp\htdocs\3D_SCHOOL_FOR_TEACHER_ATTENDANCE_TRACKING_P1\server-php\index.php(72): require_once('C:\\xampp\\htdocs...')
#2 {main}
  thrown in C:\xampp\htdocs\3D_SCHOOL_FOR_TEACHER_ATTENDANCE_TRACKING_P1\server-php\api\dashboard.php on line 88
[30-Jan-2026 02:21:25 Asia/Manila] PHP Fatal error:  Uncaught mysqli_sql_exception: Unknown column 'latitude' in 'field list' in C:\xampp\htdocs\3D_SCHOOL_FOR_TEACHER_ATTENDANCE_TRACKING_P1\server-php\api\dashboard.php:88
Stack trace:
#0 C:\xampp\htdocs\3D_SCHOOL_FOR_TEACHER_ATTENDANCE_TRACKING_P1\server-php\api\dashboard.php(88): mysqli->query('SELECT room_id,...')
#1 C:\xampp\htdocs\3D_SCHOOL_FOR_TEACHER_ATTENDANCE_TRACKING_P1\server-php\index.php(72): require_once('C:\\xampp\\htdocs...')
#2 {main}
  thrown in C:\xampp\htdocs\3D_SCHOOL_FOR_TEACHER_ATTENDANCE_TRACKING_P1\server-php\api\dashboard.php on line 88
[30-Jan-2026 02:21:41 Asia/Manila] PHP Fatal error:  Uncaught mysqli_sql_exception: Unknown column 'latitude' in 'field list' in C:\xampp\htdocs\3D_SCHOOL_FOR_TEACHER_ATTENDANCE_TRACKING_P1\server-php\api\dashboard.php:88
Stack trace:
#0 C:\xampp\htdocs\3D_SCHOOL_FOR_TEACHER_ATTENDANCE_TRACKING_P1\server-php\api\dashboard.php(88): mysqli->query('SELECT room_id,...')
#1 C:\xampp\htdocs\3D_SCHOOL_FOR_TEACHER_ATTENDANCE_TRACKING_P1\server-php\index.php(72): require_once('C:\\xampp\\htdocs...')
#2 {main}
  thrown in C:\xampp\htdocs\3D_SCHOOL_FOR_TEACHER_ATTENDANCE_TRACKING_P1\server-php\api\dashboard.php on line 88
[30-Jan-2026 02:21:41 Asia/Manila] PHP Fatal error:  Uncaught mysqli_sql_exception: Unknown column 'latitude' in 'field list' in C:\xampp\htdocs\3D_SCHOOL_FOR_TEACHER_ATTENDANCE_TRACKING_P1\server-php\api\dashboard.php:88
Stack trace:
#0 C:\xampp\htdocs\3D_SCHOOL_FOR_TEACHER_ATTENDANCE_TRACKING_P1\server-php\api\dashboard.php(88): mysqli->query('SELECT room_id,...')
#1 C:\xampp\htdocs\3D_SCHOOL_FOR_TEACHER_ATTENDANCE_TRACKING_P1\server-php\index.php(72): require_once('C:\\xampp\\htdocs...')
#2 {main}
  thrown in C:\xampp\htdocs\3D_SCHOOL_FOR_TEACHER_ATTENDANCE_TRACKING_P1\server-php\api\dashboard.php on line 88
[30-Jan-2026 02:21:56 Asia/Manila] PHP Fatal error:  Uncaught mysqli_sql_exception: Unknown column 'latitude' in 'field list' in C:\xampp\htdocs\3D_SCHOOL_FOR_TEACHER_ATTENDANCE_TRACKING_P1\server-php\api\dashboard.php:88
Stack trace:
#0 C:\xampp\htdocs\3D_SCHOOL_FOR_TEACHER_ATTENDANCE_TRACKING_P1\server-php\api\dashboard.php(88): mysqli->query('SELECT room_id,...')
#1 C:\xampp\htdocs\3D_SCHOOL_FOR_TEACHER_ATTENDANCE_TRACKING_P1\server-php\index.php(72): require_once('C:\\xampp\\htdocs...')
#2 {main}
  thrown in C:\xampp\htdocs\3D_SCHOOL_FOR_TEACHER_ATTENDANCE_TRACKING_P1\server-php\api\dashboard.php on line 88
[30-Jan-2026 02:21:56 Asia/Manila] PHP Fatal error:  Uncaught mysqli_sql_exception: Unknown column 'latitude' in 'field list' in C:\xampp\htdocs\3D_SCHOOL_FOR_TEACHER_ATTENDANCE_TRACKING_P1\server-php\api\dashboard.php:88
Stack trace:
#0 C:\xampp\htdocs\3D_SCHOOL_FOR_TEACHER_ATTENDANCE_TRACKING_P1\server-php\api\dashboard.php(88): mysqli->query('SELECT room_id,...')
#1 C:\xampp\htdocs\3D_SCHOOL_FOR_TEACHER_ATTENDANCE_TRACKING_P1\server-php\index.php(72): require_once('C:\\xampp\\htdocs...')
#2 {main}
  thrown in C:\xampp\htdocs\3D_SCHOOL_FOR_TEACHER_ATTENDANCE_TRACKING_P1\server-php\api\dashboard.php on line 88
[30-Jan-2026 02:22:11 Asia/Manila] PHP Fatal error:  Uncaught mysqli_sql_exception: Unknown column 'latitude' in 'field list' in C:\xampp\htdocs\3D_SCHOOL_FOR_TEACHER_ATTENDANCE_TRACKING_P1\server-php\api\dashboard.php:88
Stack trace:
#0 C:\xampp\htdocs\3D_SCHOOL_FOR_TEACHER_ATTENDANCE_TRACKING_P1\server-php\api\dashboard.php(88): mysqli->query('SELECT room_id,...')
#1 C:\xampp\htdocs\3D_SCHOOL_FOR_TEACHER_ATTENDANCE_TRACKING_P1\server-php\index.php(72): require_once('C:\\xampp\\htdocs...')
#2 {main}
  thrown in C:\xampp\htdocs\3D_SCHOOL_FOR_TEACHER_ATTENDANCE_TRACKING_P1\server-php\api\dashboard.php on line 88
[30-Jan-2026 02:22:11 Asia/Manila] PHP Fatal error:  Uncaught mysqli_sql_exception: Unknown column 'latitude' in 'field list' in C:\xampp\htdocs\3D_SCHOOL_FOR_TEACHER_ATTENDANCE_TRACKING_P1\server-php\api\dashboard.php:88
Stack trace:
#0 C:\xampp\htdocs\3D_SCHOOL_FOR_TEACHER_ATTENDANCE_TRACKING_P1\server-php\api\dashboard.php(88): mysqli->query('SELECT room_id,...')
#1 C:\xampp\htdocs\3D_SCHOOL_FOR_TEACHER_ATTENDANCE_TRACKING_P1\server-php\index.php(72): require_once('C:\\xampp\\htdocs...')
#2 {main}
  thrown in C:\xampp\htdocs\3D_SCHOOL_FOR_TEACHER_ATTENDANCE_TRACKING_P1\server-php\api\dashboard.php on line 88
[30-Jan-2026 02:22:26 Asia/Manila] PHP Fatal error:  Uncaught mysqli_sql_exception: Unknown column 'latitude' in 'field list' in C:\xampp\htdocs\3D_SCHOOL_FOR_TEACHER_ATTENDANCE_TRACKING_P1\server-php\api\dashboard.php:88
Stack trace:
#0 C:\xampp\htdocs\3D_SCHOOL_FOR_TEACHER_ATTENDANCE_TRACKING_P1\server-php\api\dashboard.php(88): mysqli->query('SELECT room_id,...')
#1 C:\xampp\htdocs\3D_SCHOOL_FOR_TEACHER_ATTENDANCE_TRACKING_P1\server-php\index.php(72): require_once('C:\\xampp\\htdocs...')
#2 {main}
  thrown in C:\xampp\htdocs\3D_SCHOOL_FOR_TEACHER_ATTENDANCE_TRACKING_P1\server-php\api\dashboard.php on line 88
[30-Jan-2026 02:22:26 Asia/Manila] PHP Fatal error:  Uncaught mysqli_sql_exception: Unknown column 'latitude' in 'field list' in C:\xampp\htdocs\3D_SCHOOL_FOR_TEACHER_ATTENDANCE_TRACKING_P1\server-php\api\dashboard.php:88
Stack trace:
#0 C:\xampp\htdocs\3D_SCHOOL_FOR_TEACHER_ATTENDANCE_TRACKING_P1\server-php\api\dashboard.php(88): mysqli->query('SELECT room_id,...')
#1 C:\xampp\htdocs\3D_SCHOOL_FOR_TEACHER_ATTENDANCE_TRACKING_P1\server-php\index.php(72): require_once('C:\\xampp\\htdocs...')
#2 {main}
  thrown in C:\xampp\htdocs\3D_SCHOOL_FOR_TEACHER_ATTENDANCE_TRACKING_P1\server-php\api\dashboard.php on line 88
[30-Jan-2026 02:23:21 Asia/Manila] PHP Fatal error:  Uncaught mysqli_sql_exception: Unknown column 'latitude' in 'field list' in C:\xampp\htdocs\3D_SCHOOL_FOR_TEACHER_ATTENDANCE_TRACKING_P1\server-php\api\dashboard.php:88
Stack trace:
#0 C:\xampp\htdocs\3D_SCHOOL_FOR_TEACHER_ATTENDANCE_TRACKING_P1\server-php\api\dashboard.php(88): mysqli->query('SELECT room_id,...')
#1 C:\xampp\htdocs\3D_SCHOOL_FOR_TEACHER_ATTENDANCE_TRACKING_P1\server-php\index.php(72): require_once('C:\\xampp\\htdocs...')
#2 {main}
  thrown in C:\xampp\htdocs\3D_SCHOOL_FOR_TEACHER_ATTENDANCE_TRACKING_P1\server-php\api\dashboard.php on line 88
[30-Jan-2026 02:23:21 Asia/Manila] PHP Fatal error:  Uncaught mysqli_sql_exception: Unknown column 'latitude' in 'field list' in C:\xampp\htdocs\3D_SCHOOL_FOR_TEACHER_ATTENDANCE_TRACKING_P1\server-php\api\dashboard.php:88
Stack trace:
#0 C:\xampp\htdocs\3D_SCHOOL_FOR_TEACHER_ATTENDANCE_TRACKING_P1\server-php\api\dashboard.php(88): mysqli->query('SELECT room_id,...')
#1 C:\xampp\htdocs\3D_SCHOOL_FOR_TEACHER_ATTENDANCE_TRACKING_P1\server-php\index.php(72): require_once('C:\\xampp\\htdocs...')
#2 {main}
  thrown in C:\xampp\htdocs\3D_SCHOOL_FOR_TEACHER_ATTENDANCE_TRACKING_P1\server-php\api\dashboard.php on line 88
[30-Jan-2026 02:24:21 Asia/Manila] PHP Fatal error:  Uncaught mysqli_sql_exception: Unknown column 'latitude' in 'field list' in C:\xampp\htdocs\3D_SCHOOL_FOR_TEACHER_ATTENDANCE_TRACKING_P1\server-php\api\dashboard.php:88
Stack trace:
#0 C:\xampp\htdocs\3D_SCHOOL_FOR_TEACHER_ATTENDANCE_TRACKING_P1\server-php\api\dashboard.php(88): mysqli->query('SELECT room_id,...')
#1 C:\xampp\htdocs\3D_SCHOOL_FOR_TEACHER_ATTENDANCE_TRACKING_P1\server-php\index.php(72): require_once('C:\\xampp\\htdocs...')
#2 {main}
  thrown in C:\xampp\htdocs\3D_SCHOOL_FOR_TEACHER_ATTENDANCE_TRACKING_P1\server-php\api\dashboard.php on line 88
[30-Jan-2026 02:24:21 Asia/Manila] PHP Fatal error:  Uncaught mysqli_sql_exception: Unknown column 'latitude' in 'field list' in C:\xampp\htdocs\3D_SCHOOL_FOR_TEACHER_ATTENDANCE_TRACKING_P1\server-php\api\dashboard.php:88
Stack trace:
#0 C:\xampp\htdocs\3D_SCHOOL_FOR_TEACHER_ATTENDANCE_TRACKING_P1\server-php\api\dashboard.php(88): mysqli->query('SELECT room_id,...')
#1 C:\xampp\htdocs\3D_SCHOOL_FOR_TEACHER_ATTENDANCE_TRACKING_P1\server-php\index.php(72): require_once('C:\\xampp\\htdocs...')
#2 {main}
  thrown in C:\xampp\htdocs\3D_SCHOOL_FOR_TEACHER_ATTENDANCE_TRACKING_P1\server-php\api\dashboard.php on line 88
[30-Jan-2026 02:24:50 Asia/Manila] PHP Fatal error:  Uncaught mysqli_sql_exception: Unknown column 'latitude' in 'field list' in C:\xampp\htdocs\3D_SCHOOL_FOR_TEACHER_ATTENDANCE_TRACKING_P1\server-php\api\dashboard.php:88
Stack trace:
#0 C:\xampp\htdocs\3D_SCHOOL_FOR_TEACHER_ATTENDANCE_TRACKING_P1\server-php\api\dashboard.php(88): mysqli->query('SELECT room_id,...')
#1 C:\xampp\htdocs\3D_SCHOOL_FOR_TEACHER_ATTENDANCE_TRACKING_P1\server-php\index.php(72): require_once('C:\\xampp\\htdocs...')
#2 {main}
  thrown in C:\xampp\htdocs\3D_SCHOOL_FOR_TEACHER_ATTENDANCE_TRACKING_P1\server-php\api\dashboard.php on line 88
[30-Jan-2026 02:24:50 Asia/Manila] PHP Fatal error:  Uncaught mysqli_sql_exception: Unknown column 'latitude' in 'field list' in C:\xampp\htdocs\3D_SCHOOL_FOR_TEACHER_ATTENDANCE_TRACKING_P1\server-php\api\dashboard.php:88
Stack trace:
#0 C:\xampp\htdocs\3D_SCHOOL_FOR_TEACHER_ATTENDANCE_TRACKING_P1\server-php\api\dashboard.php(88): mysqli->query('SELECT room_id,...')
#1 C:\xampp\htdocs\3D_SCHOOL_FOR_TEACHER_ATTENDANCE_TRACKING_P1\server-php\index.php(72): require_once('C:\\xampp\\htdocs...')
#2 {main}
  thrown in C:\xampp\htdocs\3D_SCHOOL_FOR_TEACHER_ATTENDANCE_TRACKING_P1\server-php\api\dashboard.php on line 88
[30-Jan-2026 02:24:56 Asia/Manila] PHP Fatal error:  Uncaught mysqli_sql_exception: Unknown column 'latitude' in 'field list' in C:\xampp\htdocs\3D_SCHOOL_FOR_TEACHER_ATTENDANCE_TRACKING_P1\server-php\api\dashboard.php:88
Stack trace:
#0 C:\xampp\htdocs\3D_SCHOOL_FOR_TEACHER_ATTENDANCE_TRACKING_P1\server-php\api\dashboard.php(88): mysqli->query('SELECT room_id,...')
#1 C:\xampp\htdocs\3D_SCHOOL_FOR_TEACHER_ATTENDANCE_TRACKING_P1\server-php\index.php(72): require_once('C:\\xampp\\htdocs...')
#2 {main}
  thrown in C:\xampp\htdocs\3D_SCHOOL_FOR_TEACHER_ATTENDANCE_TRACKING_P1\server-php\api\dashboard.php on line 88
[30-Jan-2026 02:24:56 Asia/Manila] PHP Fatal error:  Uncaught mysqli_sql_exception: Unknown column 'latitude' in 'field list' in C:\xampp\htdocs\3D_SCHOOL_FOR_TEACHER_ATTENDANCE_TRACKING_P1\server-php\api\dashboard.php:88
Stack trace:
#0 C:\xampp\htdocs\3D_SCHOOL_FOR_TEACHER_ATTENDANCE_TRACKING_P1\server-php\api\dashboard.php(88): mysqli->query('SELECT room_id,...')
#1 C:\xampp\htdocs\3D_SCHOOL_FOR_TEACHER_ATTENDANCE_TRACKING_P1\server-php\index.php(72): require_once('C:\\xampp\\htdocs...')
#2 {main}
  thrown in C:\xampp\htdocs\3D_SCHOOL_FOR_TEACHER_ATTENDANCE_TRACKING_P1\server-php\api\dashboard.php on line 88
[30-Jan-2026 02:25:11 Asia/Manila] PHP Fatal error:  Uncaught mysqli_sql_exception: Unknown column 'latitude' in 'field list' in C:\xampp\htdocs\3D_SCHOOL_FOR_TEACHER_ATTENDANCE_TRACKING_P1\server-php\api\dashboard.php:88
Stack trace:
#0 C:\xampp\htdocs\3D_SCHOOL_FOR_TEACHER_ATTENDANCE_TRACKING_P1\server-php\api\dashboard.php(88): mysqli->query('SELECT room_id,...')
#1 C:\xampp\htdocs\3D_SCHOOL_FOR_TEACHER_ATTENDANCE_TRACKING_P1\server-php\index.php(72): require_once('C:\\xampp\\htdocs...')
#2 {main}
  thrown in C:\xampp\htdocs\3D_SCHOOL_FOR_TEACHER_ATTENDANCE_TRACKING_P1\server-php\api\dashboard.php on line 88
[30-Jan-2026 02:25:11 Asia/Manila] PHP Fatal error:  Uncaught mysqli_sql_exception: Unknown column 'latitude' in 'field list' in C:\xampp\htdocs\3D_SCHOOL_FOR_TEACHER_ATTENDANCE_TRACKING_P1\server-php\api\dashboard.php:88
Stack trace:
#0 C:\xampp\htdocs\3D_SCHOOL_FOR_TEACHER_ATTENDANCE_TRACKING_P1\server-php\api\dashboard.php(88): mysqli->query('SELECT room_id,...')
#1 C:\xampp\htdocs\3D_SCHOOL_FOR_TEACHER_ATTENDANCE_TRACKING_P1\server-php\index.php(72): require_once('C:\\xampp\\htdocs...')
#2 {main}
  thrown in C:\xampp\htdocs\3D_SCHOOL_FOR_TEACHER_ATTENDANCE_TRACKING_P1\server-php\api\dashboard.php on line 88
[30-Jan-2026 02:25:25 Asia/Manila] PHP Fatal error:  Uncaught mysqli_sql_exception: Unknown column 'latitude' in 'field list' in C:\xampp\htdocs\3D_SCHOOL_FOR_TEACHER_ATTENDANCE_TRACKING_P1\server-php\api\dashboard.php:88
Stack trace:
#0 C:\xampp\htdocs\3D_SCHOOL_FOR_TEACHER_ATTENDANCE_TRACKING_P1\server-php\api\dashboard.php(88): mysqli->query('SELECT room_id,...')
#1 C:\xampp\htdocs\3D_SCHOOL_FOR_TEACHER_ATTENDANCE_TRACKING_P1\server-php\index.php(72): require_once('C:\\xampp\\htdocs...')
#2 {main}
  thrown in C:\xampp\htdocs\3D_SCHOOL_FOR_TEACHER_ATTENDANCE_TRACKING_P1\server-php\api\dashboard.php on line 88
[30-Jan-2026 02:25:25 Asia/Manila] PHP Fatal error:  Uncaught mysqli_sql_exception: Unknown column 'latitude' in 'field list' in C:\xampp\htdocs\3D_SCHOOL_FOR_TEACHER_ATTENDANCE_TRACKING_P1\server-php\api\dashboard.php:88
Stack trace:
#0 C:\xampp\htdocs\3D_SCHOOL_FOR_TEACHER_ATTENDANCE_TRACKING_P1\server-php\api\dashboard.php(88): mysqli->query('SELECT room_id,...')
#1 C:\xampp\htdocs\3D_SCHOOL_FOR_TEACHER_ATTENDANCE_TRACKING_P1\server-php\index.php(72): require_once('C:\\xampp\\htdocs...')
#2 {main}
  thrown in C:\xampp\htdocs\3D_SCHOOL_FOR_TEACHER_ATTENDANCE_TRACKING_P1\server-php\api\dashboard.php on line 88
[30-Jan-2026 02:25:41 Asia/Manila] PHP Fatal error:  Uncaught mysqli_sql_exception: Unknown column 'latitude' in 'field list' in C:\xampp\htdocs\3D_SCHOOL_FOR_TEACHER_ATTENDANCE_TRACKING_P1\server-php\api\dashboard.php:88
Stack trace:
#0 C:\xampp\htdocs\3D_SCHOOL_FOR_TEACHER_ATTENDANCE_TRACKING_P1\server-php\api\dashboard.php(88): mysqli->query('SELECT room_id,...')
#1 C:\xampp\htdocs\3D_SCHOOL_FOR_TEACHER_ATTENDANCE_TRACKING_P1\server-php\index.php(72): require_once('C:\\xampp\\htdocs...')
#2 {main}
  thrown in C:\xampp\htdocs\3D_SCHOOL_FOR_TEACHER_ATTENDANCE_TRACKING_P1\server-php\api\dashboard.php on line 88
[30-Jan-2026 02:25:41 Asia/Manila] PHP Fatal error:  Uncaught mysqli_sql_exception: Unknown column 'latitude' in 'field list' in C:\xampp\htdocs\3D_SCHOOL_FOR_TEACHER_ATTENDANCE_TRACKING_P1\server-php\api\dashboard.php:88
Stack trace:
#0 C:\xampp\htdocs\3D_SCHOOL_FOR_TEACHER_ATTENDANCE_TRACKING_P1\server-php\api\dashboard.php(88): mysqli->query('SELECT room_id,...')
#1 C:\xampp\htdocs\3D_SCHOOL_FOR_TEACHER_ATTENDANCE_TRACKING_P1\server-php\index.php(72): require_once('C:\\xampp\\htdocs...')
#2 {main}
  thrown in C:\xampp\htdocs\3D_SCHOOL_FOR_TEACHER_ATTENDANCE_TRACKING_P1\server-php\api\dashboard.php on line 88
[30-Jan-2026 02:25:56 Asia/Manila] PHP Fatal error:  Uncaught mysqli_sql_exception: Unknown column 'latitude' in 'field list' in C:\xampp\htdocs\3D_SCHOOL_FOR_TEACHER_ATTENDANCE_TRACKING_P1\server-php\api\dashboard.php:88
Stack trace:
#0 C:\xampp\htdocs\3D_SCHOOL_FOR_TEACHER_ATTENDANCE_TRACKING_P1\server-php\api\dashboard.php(88): mysqli->query('SELECT room_id,...')
#1 C:\xampp\htdocs\3D_SCHOOL_FOR_TEACHER_ATTENDANCE_TRACKING_P1\server-php\index.php(72): require_once('C:\\xampp\\htdocs...')
#2 {main}
  thrown in C:\xampp\htdocs\3D_SCHOOL_FOR_TEACHER_ATTENDANCE_TRACKING_P1\server-php\api\dashboard.php on line 88
[30-Jan-2026 02:25:56 Asia/Manila] PHP Fatal error:  Uncaught mysqli_sql_exception: Unknown column 'latitude' in 'field list' in C:\xampp\htdocs\3D_SCHOOL_FOR_TEACHER_ATTENDANCE_TRACKING_P1\server-php\api\dashboard.php:88
Stack trace:
#0 C:\xampp\htdocs\3D_SCHOOL_FOR_TEACHER_ATTENDANCE_TRACKING_P1\server-php\api\dashboard.php(88): mysqli->query('SELECT room_id,...')
#1 C:\xampp\htdocs\3D_SCHOOL_FOR_TEACHER_ATTENDANCE_TRACKING_P1\server-php\index.php(72): require_once('C:\\xampp\\htdocs...')
#2 {main}
  thrown in C:\xampp\htdocs\3D_SCHOOL_FOR_TEACHER_ATTENDANCE_TRACKING_P1\server-php\api\dashboard.php on line 88
[30-Jan-2026 02:26:11 Asia/Manila] PHP Fatal error:  Uncaught mysqli_sql_exception: Unknown column 'latitude' in 'field list' in C:\xampp\htdocs\3D_SCHOOL_FOR_TEACHER_ATTENDANCE_TRACKING_P1\server-php\api\dashboard.php:88
Stack trace:
#0 C:\xampp\htdocs\3D_SCHOOL_FOR_TEACHER_ATTENDANCE_TRACKING_P1\server-php\api\dashboard.php(88): mysqli->query('SELECT room_id,...')
#1 C:\xampp\htdocs\3D_SCHOOL_FOR_TEACHER_ATTENDANCE_TRACKING_P1\server-php\index.php(72): require_once('C:\\xampp\\htdocs...')
#2 {main}
  thrown in C:\xampp\htdocs\3D_SCHOOL_FOR_TEACHER_ATTENDANCE_TRACKING_P1\server-php\api\dashboard.php on line 88
[30-Jan-2026 02:26:11 Asia/Manila] PHP Fatal error:  Uncaught mysqli_sql_exception: Unknown column 'latitude' in 'field list' in C:\xampp\htdocs\3D_SCHOOL_FOR_TEACHER_ATTENDANCE_TRACKING_P1\server-php\api\dashboard.php:88
Stack trace:
#0 C:\xampp\htdocs\3D_SCHOOL_FOR_TEACHER_ATTENDANCE_TRACKING_P1\server-php\api\dashboard.php(88): mysqli->query('SELECT room_id,...')
#1 C:\xampp\htdocs\3D_SCHOOL_FOR_TEACHER_ATTENDANCE_TRACKING_P1\server-php\index.php(72): require_once('C:\\xampp\\htdocs...')
#2 {main}
  thrown in C:\xampp\htdocs\3D_SCHOOL_FOR_TEACHER_ATTENDANCE_TRACKING_P1\server-php\api\dashboard.php on line 88
[30-Jan-2026 02:26:26 Asia/Manila] PHP Fatal error:  Uncaught mysqli_sql_exception: Unknown column 'latitude' in 'field list' in C:\xampp\htdocs\3D_SCHOOL_FOR_TEACHER_ATTENDANCE_TRACKING_P1\server-php\api\dashboard.php:88
Stack trace:
#0 C:\xampp\htdocs\3D_SCHOOL_FOR_TEACHER_ATTENDANCE_TRACKING_P1\server-php\api\dashboard.php(88): mysqli->query('SELECT room_id,...')
#1 C:\xampp\htdocs\3D_SCHOOL_FOR_TEACHER_ATTENDANCE_TRACKING_P1\server-php\index.php(72): require_once('C:\\xampp\\htdocs...')
#2 {main}
  thrown in C:\xampp\htdocs\3D_SCHOOL_FOR_TEACHER_ATTENDANCE_TRACKING_P1\server-php\api\dashboard.php on line 88
[30-Jan-2026 02:26:26 Asia/Manila] PHP Fatal error:  Uncaught mysqli_sql_exception: Unknown column 'latitude' in 'field list' in C:\xampp\htdocs\3D_SCHOOL_FOR_TEACHER_ATTENDANCE_TRACKING_P1\server-php\api\dashboard.php:88
Stack trace:
#0 C:\xampp\htdocs\3D_SCHOOL_FOR_TEACHER_ATTENDANCE_TRACKING_P1\server-php\api\dashboard.php(88): mysqli->query('SELECT room_id,...')
#1 C:\xampp\htdocs\3D_SCHOOL_FOR_TEACHER_ATTENDANCE_TRACKING_P1\server-php\index.php(72): require_once('C:\\xampp\\htdocs...')
#2 {main}
  thrown in C:\xampp\htdocs\3D_SCHOOL_FOR_TEACHER_ATTENDANCE_TRACKING_P1\server-php\api\dashboard.php on line 88
[30-Jan-2026 02:27:21 Asia/Manila] PHP Fatal error:  Uncaught mysqli_sql_exception: Unknown column 'latitude' in 'field list' in C:\xampp\htdocs\3D_SCHOOL_FOR_TEACHER_ATTENDANCE_TRACKING_P1\server-php\api\dashboard.php:88
Stack trace:
#0 C:\xampp\htdocs\3D_SCHOOL_FOR_TEACHER_ATTENDANCE_TRACKING_P1\server-php\api\dashboard.php(88): mysqli->query('SELECT room_id,...')
#1 C:\xampp\htdocs\3D_SCHOOL_FOR_TEACHER_ATTENDANCE_TRACKING_P1\server-php\index.php(72): require_once('C:\\xampp\\htdocs...')
#2 {main}
  thrown in C:\xampp\htdocs\3D_SCHOOL_FOR_TEACHER_ATTENDANCE_TRACKING_P1\server-php\api\dashboard.php on line 88
[30-Jan-2026 02:27:21 Asia/Manila] PHP Fatal error:  Uncaught mysqli_sql_exception: Unknown column 'latitude' in 'field list' in C:\xampp\htdocs\3D_SCHOOL_FOR_TEACHER_ATTENDANCE_TRACKING_P1\server-php\api\dashboard.php:88
Stack trace:
#0 C:\xampp\htdocs\3D_SCHOOL_FOR_TEACHER_ATTENDANCE_TRACKING_P1\server-php\api\dashboard.php(88): mysqli->query('SELECT room_id,...')
#1 C:\xampp\htdocs\3D_SCHOOL_FOR_TEACHER_ATTENDANCE_TRACKING_P1\server-php\index.php(72): require_once('C:\\xampp\\htdocs...')
#2 {main}
  thrown in C:\xampp\htdocs\3D_SCHOOL_FOR_TEACHER_ATTENDANCE_TRACKING_P1\server-php\api\dashboard.php on line 88
[30-Jan-2026 02:28:21 Asia/Manila] PHP Fatal error:  Uncaught mysqli_sql_exception: Unknown column 'latitude' in 'field list' in C:\xampp\htdocs\3D_SCHOOL_FOR_TEACHER_ATTENDANCE_TRACKING_P1\server-php\api\dashboard.php:88
Stack trace:
#0 C:\xampp\htdocs\3D_SCHOOL_FOR_TEACHER_ATTENDANCE_TRACKING_P1\server-php\api\dashboard.php(88): mysqli->query('SELECT room_id,...')
#1 C:\xampp\htdocs\3D_SCHOOL_FOR_TEACHER_ATTENDANCE_TRACKING_P1\server-php\index.php(72): require_once('C:\\xampp\\htdocs...')
#2 {main}
  thrown in C:\xampp\htdocs\3D_SCHOOL_FOR_TEACHER_ATTENDANCE_TRACKING_P1\server-php\api\dashboard.php on line 88
[30-Jan-2026 02:28:21 Asia/Manila] PHP Fatal error:  Uncaught mysqli_sql_exception: Unknown column 'latitude' in 'field list' in C:\xampp\htdocs\3D_SCHOOL_FOR_TEACHER_ATTENDANCE_TRACKING_P1\server-php\api\dashboard.php:88
Stack trace:
#0 C:\xampp\htdocs\3D_SCHOOL_FOR_TEACHER_ATTENDANCE_TRACKING_P1\server-php\api\dashboard.php(88): mysqli->query('SELECT room_id,...')
#1 C:\xampp\htdocs\3D_SCHOOL_FOR_TEACHER_ATTENDANCE_TRACKING_P1\server-php\index.php(72): require_once('C:\\xampp\\htdocs...')
#2 {main}
  thrown in C:\xampp\htdocs\3D_SCHOOL_FOR_TEACHER_ATTENDANCE_TRACKING_P1\server-php\api\dashboard.php on line 88
[30-Jan-2026 02:29:21 Asia/Manila] PHP Fatal error:  Uncaught mysqli_sql_exception: Unknown column 'latitude' in 'field list' in C:\xampp\htdocs\3D_SCHOOL_FOR_TEACHER_ATTENDANCE_TRACKING_P1\server-php\api\dashboard.php:88
Stack trace:
#0 C:\xampp\htdocs\3D_SCHOOL_FOR_TEACHER_ATTENDANCE_TRACKING_P1\server-php\api\dashboard.php(88): mysqli->query('SELECT room_id,...')
#1 C:\xampp\htdocs\3D_SCHOOL_FOR_TEACHER_ATTENDANCE_TRACKING_P1\server-php\index.php(72): require_once('C:\\xampp\\htdocs...')
#2 {main}
  thrown in C:\xampp\htdocs\3D_SCHOOL_FOR_TEACHER_ATTENDANCE_TRACKING_P1\server-php\api\dashboard.php on line 88
[30-Jan-2026 02:29:21 Asia/Manila] PHP Fatal error:  Uncaught mysqli_sql_exception: Unknown column 'latitude' in 'field list' in C:\xampp\htdocs\3D_SCHOOL_FOR_TEACHER_ATTENDANCE_TRACKING_P1\server-php\api\dashboard.php:88
Stack trace:
#0 C:\xampp\htdocs\3D_SCHOOL_FOR_TEACHER_ATTENDANCE_TRACKING_P1\server-php\api\dashboard.php(88): mysqli->query('SELECT room_id,...')
#1 C:\xampp\htdocs\3D_SCHOOL_FOR_TEACHER_ATTENDANCE_TRACKING_P1\server-php\index.php(72): require_once('C:\\xampp\\htdocs...')
#2 {main}
  thrown in C:\xampp\htdocs\3D_SCHOOL_FOR_TEACHER_ATTENDANCE_TRACKING_P1\server-php\api\dashboard.php on line 88
[30-Jan-2026 02:29:37 Asia/Manila] PHP Fatal error:  Uncaught mysqli_sql_exception: Unknown column 'latitude' in 'field list' in C:\xampp\htdocs\3D_SCHOOL_FOR_TEACHER_ATTENDANCE_TRACKING_P1\server-php\api\dashboard.php:88
Stack trace:
#0 C:\xampp\htdocs\3D_SCHOOL_FOR_TEACHER_ATTENDANCE_TRACKING_P1\server-php\api\dashboard.php(88): mysqli->query('SELECT room_id,...')
#1 C:\xampp\htdocs\3D_SCHOOL_FOR_TEACHER_ATTENDANCE_TRACKING_P1\server-php\index.php(72): require_once('C:\\xampp\\htdocs...')
#2 {main}
  thrown in C:\xampp\htdocs\3D_SCHOOL_FOR_TEACHER_ATTENDANCE_TRACKING_P1\server-php\api\dashboard.php on line 88
[30-Jan-2026 02:29:37 Asia/Manila] PHP Fatal error:  Uncaught mysqli_sql_exception: Unknown column 'latitude' in 'field list' in C:\xampp\htdocs\3D_SCHOOL_FOR_TEACHER_ATTENDANCE_TRACKING_P1\server-php\api\dashboard.php:88
Stack trace:
#0 C:\xampp\htdocs\3D_SCHOOL_FOR_TEACHER_ATTENDANCE_TRACKING_P1\server-php\api\dashboard.php(88): mysqli->query('SELECT room_id,...')
#1 C:\xampp\htdocs\3D_SCHOOL_FOR_TEACHER_ATTENDANCE_TRACKING_P1\server-php\index.php(72): require_once('C:\\xampp\\htdocs...')
#2 {main}
  thrown in C:\xampp\htdocs\3D_SCHOOL_FOR_TEACHER_ATTENDANCE_TRACKING_P1\server-php\api\dashboard.php on line 88
[30-Jan-2026 02:29:40 Asia/Manila] PHP Fatal error:  Uncaught mysqli_sql_exception: Unknown column 'latitude' in 'field list' in C:\xampp\htdocs\3D_SCHOOL_FOR_TEACHER_ATTENDANCE_TRACKING_P1\server-php\api\dashboard.php:88
Stack trace:
#0 C:\xampp\htdocs\3D_SCHOOL_FOR_TEACHER_ATTENDANCE_TRACKING_P1\server-php\api\dashboard.php(88): mysqli->query('SELECT room_id,...')
#1 C:\xampp\htdocs\3D_SCHOOL_FOR_TEACHER_ATTENDANCE_TRACKING_P1\server-php\index.php(72): require_once('C:\\xampp\\htdocs...')
#2 {main}
  thrown in C:\xampp\htdocs\3D_SCHOOL_FOR_TEACHER_ATTENDANCE_TRACKING_P1\server-php\api\dashboard.php on line 88
[30-Jan-2026 02:29:40 Asia/Manila] PHP Fatal error:  Uncaught mysqli_sql_exception: Unknown column 'latitude' in 'field list' in C:\xampp\htdocs\3D_SCHOOL_FOR_TEACHER_ATTENDANCE_TRACKING_P1\server-php\api\dashboard.php:88
Stack trace:
#0 C:\xampp\htdocs\3D_SCHOOL_FOR_TEACHER_ATTENDANCE_TRACKING_P1\server-php\api\dashboard.php(88): mysqli->query('SELECT room_id,...')
#1 C:\xampp\htdocs\3D_SCHOOL_FOR_TEACHER_ATTENDANCE_TRACKING_P1\server-php\index.php(72): require_once('C:\\xampp\\htdocs...')
#2 {main}
  thrown in C:\xampp\htdocs\3D_SCHOOL_FOR_TEACHER_ATTENDANCE_TRACKING_P1\server-php\api\dashboard.php on line 88
[30-Jan-2026 02:29:55 Asia/Manila] PHP Fatal error:  Uncaught mysqli_sql_exception: Unknown column 'latitude' in 'field list' in C:\xampp\htdocs\3D_SCHOOL_FOR_TEACHER_ATTENDANCE_TRACKING_P1\server-php\api\dashboard.php:88
Stack trace:
#0 C:\xampp\htdocs\3D_SCHOOL_FOR_TEACHER_ATTENDANCE_TRACKING_P1\server-php\api\dashboard.php(88): mysqli->query('SELECT room_id,...')
#1 C:\xampp\htdocs\3D_SCHOOL_FOR_TEACHER_ATTENDANCE_TRACKING_P1\server-php\index.php(72): require_once('C:\\xampp\\htdocs...')
#2 {main}
  thrown in C:\xampp\htdocs\3D_SCHOOL_FOR_TEACHER_ATTENDANCE_TRACKING_P1\server-php\api\dashboard.php on line 88
[30-Jan-2026 02:29:55 Asia/Manila] PHP Fatal error:  Uncaught mysqli_sql_exception: Unknown column 'latitude' in 'field list' in C:\xampp\htdocs\3D_SCHOOL_FOR_TEACHER_ATTENDANCE_TRACKING_P1\server-php\api\dashboard.php:88
Stack trace:
#0 C:\xampp\htdocs\3D_SCHOOL_FOR_TEACHER_ATTENDANCE_TRACKING_P1\server-php\api\dashboard.php(88): mysqli->query('SELECT room_id,...')
#1 C:\xampp\htdocs\3D_SCHOOL_FOR_TEACHER_ATTENDANCE_TRACKING_P1\server-php\index.php(72): require_once('C:\\xampp\\htdocs...')
#2 {main}
  thrown in C:\xampp\htdocs\3D_SCHOOL_FOR_TEACHER_ATTENDANCE_TRACKING_P1\server-php\api\dashboard.php on line 88
[30-Jan-2026 02:30:10 Asia/Manila] PHP Fatal error:  Uncaught mysqli_sql_exception: Unknown column 'latitude' in 'field list' in C:\xampp\htdocs\3D_SCHOOL_FOR_TEACHER_ATTENDANCE_TRACKING_P1\server-php\api\dashboard.php:88
Stack trace:
#0 C:\xampp\htdocs\3D_SCHOOL_FOR_TEACHER_ATTENDANCE_TRACKING_P1\server-php\api\dashboard.php(88): mysqli->query('SELECT room_id,...')
#1 C:\xampp\htdocs\3D_SCHOOL_FOR_TEACHER_ATTENDANCE_TRACKING_P1\server-php\index.php(72): require_once('C:\\xampp\\htdocs...')
#2 {main}
  thrown in C:\xampp\htdocs\3D_SCHOOL_FOR_TEACHER_ATTENDANCE_TRACKING_P1\server-php\api\dashboard.php on line 88
[30-Jan-2026 02:30:10 Asia/Manila] PHP Fatal error:  Uncaught mysqli_sql_exception: Unknown column 'latitude' in 'field list' in C:\xampp\htdocs\3D_SCHOOL_FOR_TEACHER_ATTENDANCE_TRACKING_P1\server-php\api\dashboard.php:88
Stack trace:
#0 C:\xampp\htdocs\3D_SCHOOL_FOR_TEACHER_ATTENDANCE_TRACKING_P1\server-php\api\dashboard.php(88): mysqli->query('SELECT room_id,...')
#1 C:\xampp\htdocs\3D_SCHOOL_FOR_TEACHER_ATTENDANCE_TRACKING_P1\server-php\index.php(72): require_once('C:\\xampp\\htdocs...')
#2 {main}
  thrown in C:\xampp\htdocs\3D_SCHOOL_FOR_TEACHER_ATTENDANCE_TRACKING_P1\server-php\api\dashboard.php on line 88
[30-Jan-2026 02:30:25 Asia/Manila] PHP Fatal error:  Uncaught mysqli_sql_exception: Unknown column 'latitude' in 'field list' in C:\xampp\htdocs\3D_SCHOOL_FOR_TEACHER_ATTENDANCE_TRACKING_P1\server-php\api\dashboard.php:88
Stack trace:
#0 C:\xampp\htdocs\3D_SCHOOL_FOR_TEACHER_ATTENDANCE_TRACKING_P1\server-php\api\dashboard.php(88): mysqli->query('SELECT room_id,...')
#1 C:\xampp\htdocs\3D_SCHOOL_FOR_TEACHER_ATTENDANCE_TRACKING_P1\server-php\index.php(72): require_once('C:\\xampp\\htdocs...')
#2 {main}
  thrown in C:\xampp\htdocs\3D_SCHOOL_FOR_TEACHER_ATTENDANCE_TRACKING_P1\server-php\api\dashboard.php on line 88
[30-Jan-2026 02:30:25 Asia/Manila] PHP Fatal error:  Uncaught mysqli_sql_exception: Unknown column 'latitude' in 'field list' in C:\xampp\htdocs\3D_SCHOOL_FOR_TEACHER_ATTENDANCE_TRACKING_P1\server-php\api\dashboard.php:88
Stack trace:
#0 C:\xampp\htdocs\3D_SCHOOL_FOR_TEACHER_ATTENDANCE_TRACKING_P1\server-php\api\dashboard.php(88): mysqli->query('SELECT room_id,...')
#1 C:\xampp\htdocs\3D_SCHOOL_FOR_TEACHER_ATTENDANCE_TRACKING_P1\server-php\index.php(72): require_once('C:\\xampp\\htdocs...')
#2 {main}
  thrown in C:\xampp\htdocs\3D_SCHOOL_FOR_TEACHER_ATTENDANCE_TRACKING_P1\server-php\api\dashboard.php on line 88
[30-Jan-2026 02:30:40 Asia/Manila] PHP Fatal error:  Uncaught mysqli_sql_exception: Unknown column 'latitude' in 'field list' in C:\xampp\htdocs\3D_SCHOOL_FOR_TEACHER_ATTENDANCE_TRACKING_P1\server-php\api\dashboard.php:88
Stack trace:
#0 C:\xampp\htdocs\3D_SCHOOL_FOR_TEACHER_ATTENDANCE_TRACKING_P1\server-php\api\dashboard.php(88): mysqli->query('SELECT room_id,...')
#1 C:\xampp\htdocs\3D_SCHOOL_FOR_TEACHER_ATTENDANCE_TRACKING_P1\server-php\index.php(72): require_once('C:\\xampp\\htdocs...')
#2 {main}
  thrown in C:\xampp\htdocs\3D_SCHOOL_FOR_TEACHER_ATTENDANCE_TRACKING_P1\server-php\api\dashboard.php on line 88
[30-Jan-2026 02:30:40 Asia/Manila] PHP Fatal error:  Uncaught mysqli_sql_exception: Unknown column 'latitude' in 'field list' in C:\xampp\htdocs\3D_SCHOOL_FOR_TEACHER_ATTENDANCE_TRACKING_P1\server-php\api\dashboard.php:88
Stack trace:
#0 C:\xampp\htdocs\3D_SCHOOL_FOR_TEACHER_ATTENDANCE_TRACKING_P1\server-php\api\dashboard.php(88): mysqli->query('SELECT room_id,...')
#1 C:\xampp\htdocs\3D_SCHOOL_FOR_TEACHER_ATTENDANCE_TRACKING_P1\server-php\index.php(72): require_once('C:\\xampp\\htdocs...')
#2 {main}
  thrown in C:\xampp\htdocs\3D_SCHOOL_FOR_TEACHER_ATTENDANCE_TRACKING_P1\server-php\api\dashboard.php on line 88
[30-Jan-2026 02:30:56 Asia/Manila] PHP Fatal error:  Uncaught mysqli_sql_exception: Unknown column 'latitude' in 'field list' in C:\xampp\htdocs\3D_SCHOOL_FOR_TEACHER_ATTENDANCE_TRACKING_P1\server-php\api\dashboard.php:88
Stack trace:
#0 C:\xampp\htdocs\3D_SCHOOL_FOR_TEACHER_ATTENDANCE_TRACKING_P1\server-php\api\dashboard.php(88): mysqli->query('SELECT room_id,...')
#1 C:\xampp\htdocs\3D_SCHOOL_FOR_TEACHER_ATTENDANCE_TRACKING_P1\server-php\index.php(72): require_once('C:\\xampp\\htdocs...')
#2 {main}
  thrown in C:\xampp\htdocs\3D_SCHOOL_FOR_TEACHER_ATTENDANCE_TRACKING_P1\server-php\api\dashboard.php on line 88
[30-Jan-2026 02:30:56 Asia/Manila] PHP Fatal error:  Uncaught mysqli_sql_exception: Unknown column 'latitude' in 'field list' in C:\xampp\htdocs\3D_SCHOOL_FOR_TEACHER_ATTENDANCE_TRACKING_P1\server-php\api\dashboard.php:88
Stack trace:
#0 C:\xampp\htdocs\3D_SCHOOL_FOR_TEACHER_ATTENDANCE_TRACKING_P1\server-php\api\dashboard.php(88): mysqli->query('SELECT room_id,...')
#1 C:\xampp\htdocs\3D_SCHOOL_FOR_TEACHER_ATTENDANCE_TRACKING_P1\server-php\index.php(72): require_once('C:\\xampp\\htdocs...')
#2 {main}
  thrown in C:\xampp\htdocs\3D_SCHOOL_FOR_TEACHER_ATTENDANCE_TRACKING_P1\server-php\api\dashboard.php on line 88
[30-Jan-2026 02:31:11 Asia/Manila] PHP Fatal error:  Uncaught mysqli_sql_exception: Unknown column 'latitude' in 'field list' in C:\xampp\htdocs\3D_SCHOOL_FOR_TEACHER_ATTENDANCE_TRACKING_P1\server-php\api\dashboard.php:88
Stack trace:
#0 C:\xampp\htdocs\3D_SCHOOL_FOR_TEACHER_ATTENDANCE_TRACKING_P1\server-php\api\dashboard.php(88): mysqli->query('SELECT room_id,...')
#1 C:\xampp\htdocs\3D_SCHOOL_FOR_TEACHER_ATTENDANCE_TRACKING_P1\server-php\index.php(72): require_once('C:\\xampp\\htdocs...')
#2 {main}
  thrown in C:\xampp\htdocs\3D_SCHOOL_FOR_TEACHER_ATTENDANCE_TRACKING_P1\server-php\api\dashboard.php on line 88
[30-Jan-2026 02:31:11 Asia/Manila] PHP Fatal error:  Uncaught mysqli_sql_exception: Unknown column 'latitude' in 'field list' in C:\xampp\htdocs\3D_SCHOOL_FOR_TEACHER_ATTENDANCE_TRACKING_P1\server-php\api\dashboard.php:88
Stack trace:
#0 C:\xampp\htdocs\3D_SCHOOL_FOR_TEACHER_ATTENDANCE_TRACKING_P1\server-php\api\dashboard.php(88): mysqli->query('SELECT room_id,...')
#1 C:\xampp\htdocs\3D_SCHOOL_FOR_TEACHER_ATTENDANCE_TRACKING_P1\server-php\index.php(72): require_once('C:\\xampp\\htdocs...')
#2 {main}
  thrown in C:\xampp\htdocs\3D_SCHOOL_FOR_TEACHER_ATTENDANCE_TRACKING_P1\server-php\api\dashboard.php on line 88
[30-Jan-2026 02:31:26 Asia/Manila] PHP Fatal error:  Uncaught mysqli_sql_exception: Unknown column 'latitude' in 'field list' in C:\xampp\htdocs\3D_SCHOOL_FOR_TEACHER_ATTENDANCE_TRACKING_P1\server-php\api\dashboard.php:88
Stack trace:
#0 C:\xampp\htdocs\3D_SCHOOL_FOR_TEACHER_ATTENDANCE_TRACKING_P1\server-php\api\dashboard.php(88): mysqli->query('SELECT room_id,...')
#1 C:\xampp\htdocs\3D_SCHOOL_FOR_TEACHER_ATTENDANCE_TRACKING_P1\server-php\index.php(72): require_once('C:\\xampp\\htdocs...')
#2 {main}
  thrown in C:\xampp\htdocs\3D_SCHOOL_FOR_TEACHER_ATTENDANCE_TRACKING_P1\server-php\api\dashboard.php on line 88
[30-Jan-2026 02:31:26 Asia/Manila] PHP Fatal error:  Uncaught mysqli_sql_exception: Unknown column 'latitude' in 'field list' in C:\xampp\htdocs\3D_SCHOOL_FOR_TEACHER_ATTENDANCE_TRACKING_P1\server-php\api\dashboard.php:88
Stack trace:
#0 C:\xampp\htdocs\3D_SCHOOL_FOR_TEACHER_ATTENDANCE_TRACKING_P1\server-php\api\dashboard.php(88): mysqli->query('SELECT room_id,...')
#1 C:\xampp\htdocs\3D_SCHOOL_FOR_TEACHER_ATTENDANCE_TRACKING_P1\server-php\index.php(72): require_once('C:\\xampp\\htdocs...')
#2 {main}
  thrown in C:\xampp\htdocs\3D_SCHOOL_FOR_TEACHER_ATTENDANCE_TRACKING_P1\server-php\api\dashboard.php on line 88
[30-Jan-2026 02:31:41 Asia/Manila] PHP Fatal error:  Uncaught mysqli_sql_exception: Unknown column 'latitude' in 'field list' in C:\xampp\htdocs\3D_SCHOOL_FOR_TEACHER_ATTENDANCE_TRACKING_P1\server-php\api\dashboard.php:88
Stack trace:
#0 C:\xampp\htdocs\3D_SCHOOL_FOR_TEACHER_ATTENDANCE_TRACKING_P1\server-php\api\dashboard.php(88): mysqli->query('SELECT room_id,...')
#1 C:\xampp\htdocs\3D_SCHOOL_FOR_TEACHER_ATTENDANCE_TRACKING_P1\server-php\index.php(72): require_once('C:\\xampp\\htdocs...')
#2 {main}
  thrown in C:\xampp\htdocs\3D_SCHOOL_FOR_TEACHER_ATTENDANCE_TRACKING_P1\server-php\api\dashboard.php on line 88
[30-Jan-2026 02:31:41 Asia/Manila] PHP Fatal error:  Uncaught mysqli_sql_exception: Unknown column 'latitude' in 'field list' in C:\xampp\htdocs\3D_SCHOOL_FOR_TEACHER_ATTENDANCE_TRACKING_P1\server-php\api\dashboard.php:88
Stack trace:
#0 C:\xampp\htdocs\3D_SCHOOL_FOR_TEACHER_ATTENDANCE_TRACKING_P1\server-php\api\dashboard.php(88): mysqli->query('SELECT room_id,...')
#1 C:\xampp\htdocs\3D_SCHOOL_FOR_TEACHER_ATTENDANCE_TRACKING_P1\server-php\index.php(72): require_once('C:\\xampp\\htdocs...')
#2 {main}
  thrown in C:\xampp\htdocs\3D_SCHOOL_FOR_TEACHER_ATTENDANCE_TRACKING_P1\server-php\api\dashboard.php on line 88
[30-Jan-2026 02:31:56 Asia/Manila] PHP Fatal error:  Uncaught mysqli_sql_exception: Unknown column 'latitude' in 'field list' in C:\xampp\htdocs\3D_SCHOOL_FOR_TEACHER_ATTENDANCE_TRACKING_P1\server-php\api\dashboard.php:88
Stack trace:
#0 C:\xampp\htdocs\3D_SCHOOL_FOR_TEACHER_ATTENDANCE_TRACKING_P1\server-php\api\dashboard.php(88): mysqli->query('SELECT room_id,...')
#1 C:\xampp\htdocs\3D_SCHOOL_FOR_TEACHER_ATTENDANCE_TRACKING_P1\server-php\index.php(72): require_once('C:\\xampp\\htdocs...')
#2 {main}
  thrown in C:\xampp\htdocs\3D_SCHOOL_FOR_TEACHER_ATTENDANCE_TRACKING_P1\server-php\api\dashboard.php on line 88
[30-Jan-2026 02:31:56 Asia/Manila] PHP Fatal error:  Uncaught mysqli_sql_exception: Unknown column 'latitude' in 'field list' in C:\xampp\htdocs\3D_SCHOOL_FOR_TEACHER_ATTENDANCE_TRACKING_P1\server-php\api\dashboard.php:88
Stack trace:
#0 C:\xampp\htdocs\3D_SCHOOL_FOR_TEACHER_ATTENDANCE_TRACKING_P1\server-php\api\dashboard.php(88): mysqli->query('SELECT room_id,...')
#1 C:\xampp\htdocs\3D_SCHOOL_FOR_TEACHER_ATTENDANCE_TRACKING_P1\server-php\index.php(72): require_once('C:\\xampp\\htdocs...')
#2 {main}
  thrown in C:\xampp\htdocs\3D_SCHOOL_FOR_TEACHER_ATTENDANCE_TRACKING_P1\server-php\api\dashboard.php on line 88
[30-Jan-2026 02:55:15 Asia/Manila] PHP Fatal error:  Uncaught mysqli_sql_exception: Unknown column 'ar.latitude_in' in 'field list' in C:\xampp\htdocs\3D_SCHOOL_FOR_TEACHER_ATTENDANCE_TRACKING_P1\server-php\api\attendance.php:144
Stack trace:
#0 C:\xampp\htdocs\3D_SCHOOL_FOR_TEACHER_ATTENDANCE_TRACKING_P1\server-php\api\attendance.php(144): mysqli->prepare('\r\n      SELECT\r...')
#1 C:\xampp\htdocs\3D_SCHOOL_FOR_TEACHER_ATTENDANCE_TRACKING_P1\server-php\index.php(75): require_once('C:\\xampp\\htdocs...')
#2 {main}
  thrown in C:\xampp\htdocs\3D_SCHOOL_FOR_TEACHER_ATTENDANCE_TRACKING_P1\server-php\api\attendance.php on line 144
[30-Jan-2026 02:55:18 Asia/Manila] PHP Fatal error:  Uncaught mysqli_sql_exception: Unknown column 'ar.latitude_in' in 'field list' in C:\xampp\htdocs\3D_SCHOOL_FOR_TEACHER_ATTENDANCE_TRACKING_P1\server-php\api\attendance.php:144
Stack trace:
#0 C:\xampp\htdocs\3D_SCHOOL_FOR_TEACHER_ATTENDANCE_TRACKING_P1\server-php\api\attendance.php(144): mysqli->prepare('\r\n      SELECT\r...')
#1 C:\xampp\htdocs\3D_SCHOOL_FOR_TEACHER_ATTENDANCE_TRACKING_P1\server-php\index.php(75): require_once('C:\\xampp\\htdocs...')
#2 {main}
  thrown in C:\xampp\htdocs\3D_SCHOOL_FOR_TEACHER_ATTENDANCE_TRACKING_P1\server-php\api\attendance.php on line 144
[30-Jan-2026 02:55:23 Asia/Manila] PHP Fatal error:  Uncaught mysqli_sql_exception: Unknown column 'ar.latitude_in' in 'field list' in C:\xampp\htdocs\3D_SCHOOL_FOR_TEACHER_ATTENDANCE_TRACKING_P1\server-php\api\attendance.php:144
Stack trace:
#0 C:\xampp\htdocs\3D_SCHOOL_FOR_TEACHER_ATTENDANCE_TRACKING_P1\server-php\api\attendance.php(144): mysqli->prepare('\r\n      SELECT\r...')
#1 C:\xampp\htdocs\3D_SCHOOL_FOR_TEACHER_ATTENDANCE_TRACKING_P1\server-php\index.php(75): require_once('C:\\xampp\\htdocs...')
#2 {main}
  thrown in C:\xampp\htdocs\3D_SCHOOL_FOR_TEACHER_ATTENDANCE_TRACKING_P1\server-php\api\attendance.php on line 144
[30-Jan-2026 02:55:28 Asia/Manila] PHP Fatal error:  Uncaught mysqli_sql_exception: Unknown column 'ar.latitude_in' in 'field list' in C:\xampp\htdocs\3D_SCHOOL_FOR_TEACHER_ATTENDANCE_TRACKING_P1\server-php\api\attendance.php:144
Stack trace:
#0 C:\xampp\htdocs\3D_SCHOOL_FOR_TEACHER_ATTENDANCE_TRACKING_P1\server-php\api\attendance.php(144): mysqli->prepare('\r\n      SELECT\r...')
#1 C:\xampp\htdocs\3D_SCHOOL_FOR_TEACHER_ATTENDANCE_TRACKING_P1\server-php\index.php(75): require_once('C:\\xampp\\htdocs...')
#2 {main}
  thrown in C:\xampp\htdocs\3D_SCHOOL_FOR_TEACHER_ATTENDANCE_TRACKING_P1\server-php\api\attendance.php on line 144
[30-Jan-2026 02:55:33 Asia/Manila] PHP Fatal error:  Uncaught mysqli_sql_exception: Unknown column 'ar.latitude_in' in 'field list' in C:\xampp\htdocs\3D_SCHOOL_FOR_TEACHER_ATTENDANCE_TRACKING_P1\server-php\api\attendance.php:144
Stack trace:
#0 C:\xampp\htdocs\3D_SCHOOL_FOR_TEACHER_ATTENDANCE_TRACKING_P1\server-php\api\attendance.php(144): mysqli->prepare('\r\n      SELECT\r...')
#1 C:\xampp\htdocs\3D_SCHOOL_FOR_TEACHER_ATTENDANCE_TRACKING_P1\server-php\index.php(75): require_once('C:\\xampp\\htdocs...')
#2 {main}
  thrown in C:\xampp\htdocs\3D_SCHOOL_FOR_TEACHER_ATTENDANCE_TRACKING_P1\server-php\api\attendance.php on line 144
[30-Jan-2026 02:55:38 Asia/Manila] PHP Fatal error:  Uncaught mysqli_sql_exception: Unknown column 'ar.latitude_in' in 'field list' in C:\xampp\htdocs\3D_SCHOOL_FOR_TEACHER_ATTENDANCE_TRACKING_P1\server-php\api\attendance.php:144
Stack trace:
#0 C:\xampp\htdocs\3D_SCHOOL_FOR_TEACHER_ATTENDANCE_TRACKING_P1\server-php\api\attendance.php(144): mysqli->prepare('\r\n      SELECT\r...')
#1 C:\xampp\htdocs\3D_SCHOOL_FOR_TEACHER_ATTENDANCE_TRACKING_P1\server-php\index.php(75): require_once('C:\\xampp\\htdocs...')
#2 {main}
  thrown in C:\xampp\htdocs\3D_SCHOOL_FOR_TEACHER_ATTENDANCE_TRACKING_P1\server-php\api\attendance.php on line 144
[30-Jan-2026 02:55:43 Asia/Manila] PHP Fatal error:  Uncaught mysqli_sql_exception: Unknown column 'ar.latitude_in' in 'field list' in C:\xampp\htdocs\3D_SCHOOL_FOR_TEACHER_ATTENDANCE_TRACKING_P1\server-php\api\attendance.php:144
Stack trace:
#0 C:\xampp\htdocs\3D_SCHOOL_FOR_TEACHER_ATTENDANCE_TRACKING_P1\server-php\api\attendance.php(144): mysqli->prepare('\r\n      SELECT\r...')
#1 C:\xampp\htdocs\3D_SCHOOL_FOR_TEACHER_ATTENDANCE_TRACKING_P1\server-php\index.php(75): require_once('C:\\xampp\\htdocs...')
#2 {main}
  thrown in C:\xampp\htdocs\3D_SCHOOL_FOR_TEACHER_ATTENDANCE_TRACKING_P1\server-php\api\attendance.php on line 144
[30-Jan-2026 02:55:48 Asia/Manila] PHP Fatal error:  Uncaught mysqli_sql_exception: Unknown column 'ar.latitude_in' in 'field list' in C:\xampp\htdocs\3D_SCHOOL_FOR_TEACHER_ATTENDANCE_TRACKING_P1\server-php\api\attendance.php:144
Stack trace:
#0 C:\xampp\htdocs\3D_SCHOOL_FOR_TEACHER_ATTENDANCE_TRACKING_P1\server-php\api\attendance.php(144): mysqli->prepare('\r\n      SELECT\r...')
#1 C:\xampp\htdocs\3D_SCHOOL_FOR_TEACHER_ATTENDANCE_TRACKING_P1\server-php\index.php(75): require_once('C:\\xampp\\htdocs...')
#2 {main}
  thrown in C:\xampp\htdocs\3D_SCHOOL_FOR_TEACHER_ATTENDANCE_TRACKING_P1\server-php\api\attendance.php on line 144
[30-Jan-2026 02:55:53 Asia/Manila] PHP Fatal error:  Uncaught mysqli_sql_exception: Unknown column 'ar.latitude_in' in 'field list' in C:\xampp\htdocs\3D_SCHOOL_FOR_TEACHER_ATTENDANCE_TRACKING_P1\server-php\api\attendance.php:144
Stack trace:
#0 C:\xampp\htdocs\3D_SCHOOL_FOR_TEACHER_ATTENDANCE_TRACKING_P1\server-php\api\attendance.php(144): mysqli->prepare('\r\n      SELECT\r...')
#1 C:\xampp\htdocs\3D_SCHOOL_FOR_TEACHER_ATTENDANCE_TRACKING_P1\server-php\index.php(75): require_once('C:\\xampp\\htdocs...')
#2 {main}
  thrown in C:\xampp\htdocs\3D_SCHOOL_FOR_TEACHER_ATTENDANCE_TRACKING_P1\server-php\api\attendance.php on line 144
[30-Jan-2026 02:55:58 Asia/Manila] PHP Fatal error:  Uncaught mysqli_sql_exception: Unknown column 'ar.latitude_in' in 'field list' in C:\xampp\htdocs\3D_SCHOOL_FOR_TEACHER_ATTENDANCE_TRACKING_P1\server-php\api\attendance.php:144
Stack trace:
#0 C:\xampp\htdocs\3D_SCHOOL_FOR_TEACHER_ATTENDANCE_TRACKING_P1\server-php\api\attendance.php(144): mysqli->prepare('\r\n      SELECT\r...')
#1 C:\xampp\htdocs\3D_SCHOOL_FOR_TEACHER_ATTENDANCE_TRACKING_P1\server-php\index.php(75): require_once('C:\\xampp\\htdocs...')
#2 {main}
  thrown in C:\xampp\htdocs\3D_SCHOOL_FOR_TEACHER_ATTENDANCE_TRACKING_P1\server-php\api\attendance.php on line 144
[30-Jan-2026 02:56:03 Asia/Manila] PHP Fatal error:  Uncaught mysqli_sql_exception: Unknown column 'ar.latitude_in' in 'field list' in C:\xampp\htdocs\3D_SCHOOL_FOR_TEACHER_ATTENDANCE_TRACKING_P1\server-php\api\attendance.php:144
Stack trace:
#0 C:\xampp\htdocs\3D_SCHOOL_FOR_TEACHER_ATTENDANCE_TRACKING_P1\server-php\api\attendance.php(144): mysqli->prepare('\r\n      SELECT\r...')
#1 C:\xampp\htdocs\3D_SCHOOL_FOR_TEACHER_ATTENDANCE_TRACKING_P1\server-php\index.php(75): require_once('C:\\xampp\\htdocs...')
#2 {main}
  thrown in C:\xampp\htdocs\3D_SCHOOL_FOR_TEACHER_ATTENDANCE_TRACKING_P1\server-php\api\attendance.php on line 144
[30-Jan-2026 02:56:08 Asia/Manila] PHP Fatal error:  Uncaught mysqli_sql_exception: Unknown column 'ar.latitude_in' in 'field list' in C:\xampp\htdocs\3D_SCHOOL_FOR_TEACHER_ATTENDANCE_TRACKING_P1\server-php\api\attendance.php:144
Stack trace:
#0 C:\xampp\htdocs\3D_SCHOOL_FOR_TEACHER_ATTENDANCE_TRACKING_P1\server-php\api\attendance.php(144): mysqli->prepare('\r\n      SELECT\r...')
#1 C:\xampp\htdocs\3D_SCHOOL_FOR_TEACHER_ATTENDANCE_TRACKING_P1\server-php\index.php(75): require_once('C:\\xampp\\htdocs...')
#2 {main}
  thrown in C:\xampp\htdocs\3D_SCHOOL_FOR_TEACHER_ATTENDANCE_TRACKING_P1\server-php\api\attendance.php on line 144
[30-Jan-2026 02:56:13 Asia/Manila] PHP Fatal error:  Uncaught mysqli_sql_exception: Unknown column 'ar.latitude_in' in 'field list' in C:\xampp\htdocs\3D_SCHOOL_FOR_TEACHER_ATTENDANCE_TRACKING_P1\server-php\api\attendance.php:144
Stack trace:
#0 C:\xampp\htdocs\3D_SCHOOL_FOR_TEACHER_ATTENDANCE_TRACKING_P1\server-php\api\attendance.php(144): mysqli->prepare('\r\n      SELECT\r...')
#1 C:\xampp\htdocs\3D_SCHOOL_FOR_TEACHER_ATTENDANCE_TRACKING_P1\server-php\index.php(75): require_once('C:\\xampp\\htdocs...')
#2 {main}
  thrown in C:\xampp\htdocs\3D_SCHOOL_FOR_TEACHER_ATTENDANCE_TRACKING_P1\server-php\api\attendance.php on line 144
[30-Jan-2026 02:56:18 Asia/Manila] PHP Fatal error:  Uncaught mysqli_sql_exception: Unknown column 'ar.latitude_in' in 'field list' in C:\xampp\htdocs\3D_SCHOOL_FOR_TEACHER_ATTENDANCE_TRACKING_P1\server-php\api\attendance.php:144
Stack trace:
#0 C:\xampp\htdocs\3D_SCHOOL_FOR_TEACHER_ATTENDANCE_TRACKING_P1\server-php\api\attendance.php(144): mysqli->prepare('\r\n      SELECT\r...')
#1 C:\xampp\htdocs\3D_SCHOOL_FOR_TEACHER_ATTENDANCE_TRACKING_P1\server-php\index.php(75): require_once('C:\\xampp\\htdocs...')
#2 {main}
  thrown in C:\xampp\htdocs\3D_SCHOOL_FOR_TEACHER_ATTENDANCE_TRACKING_P1\server-php\api\attendance.php on line 144
[30-Jan-2026 02:57:19 Asia/Manila] PHP Fatal error:  Uncaught mysqli_sql_exception: Unknown column 'ar.latitude_in' in 'field list' in C:\xampp\htdocs\3D_SCHOOL_FOR_TEACHER_ATTENDANCE_TRACKING_P1\server-php\api\attendance.php:144
Stack trace:
#0 C:\xampp\htdocs\3D_SCHOOL_FOR_TEACHER_ATTENDANCE_TRACKING_P1\server-php\api\attendance.php(144): mysqli->prepare('\r\n      SELECT\r...')
#1 C:\xampp\htdocs\3D_SCHOOL_FOR_TEACHER_ATTENDANCE_TRACKING_P1\server-php\index.php(75): require_once('C:\\xampp\\htdocs...')
#2 {main}
  thrown in C:\xampp\htdocs\3D_SCHOOL_FOR_TEACHER_ATTENDANCE_TRACKING_P1\server-php\api\attendance.php on line 144
[30-Jan-2026 02:58:20 Asia/Manila] PHP Fatal error:  Uncaught mysqli_sql_exception: Unknown column 'ar.latitude_in' in 'field list' in C:\xampp\htdocs\3D_SCHOOL_FOR_TEACHER_ATTENDANCE_TRACKING_P1\server-php\api\attendance.php:144
Stack trace:
#0 C:\xampp\htdocs\3D_SCHOOL_FOR_TEACHER_ATTENDANCE_TRACKING_P1\server-php\api\attendance.php(144): mysqli->prepare('\r\n      SELECT\r...')
#1 C:\xampp\htdocs\3D_SCHOOL_FOR_TEACHER_ATTENDANCE_TRACKING_P1\server-php\index.php(75): require_once('C:\\xampp\\htdocs...')
#2 {main}
  thrown in C:\xampp\htdocs\3D_SCHOOL_FOR_TEACHER_ATTENDANCE_TRACKING_P1\server-php\api\attendance.php on line 144
[30-Jan-2026 02:59:21 Asia/Manila] PHP Fatal error:  Uncaught mysqli_sql_exception: Unknown column 'ar.latitude_in' in 'field list' in C:\xampp\htdocs\3D_SCHOOL_FOR_TEACHER_ATTENDANCE_TRACKING_P1\server-php\api\attendance.php:144
Stack trace:
#0 C:\xampp\htdocs\3D_SCHOOL_FOR_TEACHER_ATTENDANCE_TRACKING_P1\server-php\api\attendance.php(144): mysqli->prepare('\r\n      SELECT\r...')
#1 C:\xampp\htdocs\3D_SCHOOL_FOR_TEACHER_ATTENDANCE_TRACKING_P1\server-php\index.php(75): require_once('C:\\xampp\\htdocs...')
#2 {main}
  thrown in C:\xampp\htdocs\3D_SCHOOL_FOR_TEACHER_ATTENDANCE_TRACKING_P1\server-php\api\attendance.php on line 144
[30-Jan-2026 03:00:21 Asia/Manila] PHP Fatal error:  Uncaught mysqli_sql_exception: Unknown column 'ar.latitude_in' in 'field list' in C:\xampp\htdocs\3D_SCHOOL_FOR_TEACHER_ATTENDANCE_TRACKING_P1\server-php\api\attendance.php:144
Stack trace:
#0 C:\xampp\htdocs\3D_SCHOOL_FOR_TEACHER_ATTENDANCE_TRACKING_P1\server-php\api\attendance.php(144): mysqli->prepare('\r\n      SELECT\r...')
#1 C:\xampp\htdocs\3D_SCHOOL_FOR_TEACHER_ATTENDANCE_TRACKING_P1\server-php\index.php(75): require_once('C:\\xampp\\htdocs...')
#2 {main}
  thrown in C:\xampp\htdocs\3D_SCHOOL_FOR_TEACHER_ATTENDANCE_TRACKING_P1\server-php\api\attendance.php on line 144
[30-Jan-2026 03:01:21 Asia/Manila] PHP Fatal error:  Uncaught mysqli_sql_exception: Unknown column 'ar.latitude_in' in 'field list' in C:\xampp\htdocs\3D_SCHOOL_FOR_TEACHER_ATTENDANCE_TRACKING_P1\server-php\api\attendance.php:144
Stack trace:
#0 C:\xampp\htdocs\3D_SCHOOL_FOR_TEACHER_ATTENDANCE_TRACKING_P1\server-php\api\attendance.php(144): mysqli->prepare('\r\n      SELECT\r...')
#1 C:\xampp\htdocs\3D_SCHOOL_FOR_TEACHER_ATTENDANCE_TRACKING_P1\server-php\index.php(75): require_once('C:\\xampp\\htdocs...')
#2 {main}
  thrown in C:\xampp\htdocs\3D_SCHOOL_FOR_TEACHER_ATTENDANCE_TRACKING_P1\server-php\api\attendance.php on line 144
[30-Jan-2026 03:02:21 Asia/Manila] PHP Fatal error:  Uncaught mysqli_sql_exception: Unknown column 'ar.latitude_in' in 'field list' in C:\xampp\htdocs\3D_SCHOOL_FOR_TEACHER_ATTENDANCE_TRACKING_P1\server-php\api\attendance.php:144
Stack trace:
#0 C:\xampp\htdocs\3D_SCHOOL_FOR_TEACHER_ATTENDANCE_TRACKING_P1\server-php\api\attendance.php(144): mysqli->prepare('\r\n      SELECT\r...')
#1 C:\xampp\htdocs\3D_SCHOOL_FOR_TEACHER_ATTENDANCE_TRACKING_P1\server-php\index.php(75): require_once('C:\\xampp\\htdocs...')
#2 {main}
  thrown in C:\xampp\htdocs\3D_SCHOOL_FOR_TEACHER_ATTENDANCE_TRACKING_P1\server-php\api\attendance.php on line 144
[30-Jan-2026 03:03:21 Asia/Manila] PHP Fatal error:  Uncaught mysqli_sql_exception: Unknown column 'ar.latitude_in' in 'field list' in C:\xampp\htdocs\3D_SCHOOL_FOR_TEACHER_ATTENDANCE_TRACKING_P1\server-php\api\attendance.php:144
Stack trace:
#0 C:\xampp\htdocs\3D_SCHOOL_FOR_TEACHER_ATTENDANCE_TRACKING_P1\server-php\api\attendance.php(144): mysqli->prepare('\r\n      SELECT\r...')
#1 C:\xampp\htdocs\3D_SCHOOL_FOR_TEACHER_ATTENDANCE_TRACKING_P1\server-php\index.php(75): require_once('C:\\xampp\\htdocs...')
#2 {main}
  thrown in C:\xampp\htdocs\3D_SCHOOL_FOR_TEACHER_ATTENDANCE_TRACKING_P1\server-php\api\attendance.php on line 144
[30-Jan-2026 03:04:21 Asia/Manila] PHP Fatal error:  Uncaught mysqli_sql_exception: Unknown column 'ar.latitude_in' in 'field list' in C:\xampp\htdocs\3D_SCHOOL_FOR_TEACHER_ATTENDANCE_TRACKING_P1\server-php\api\attendance.php:144
Stack trace:
#0 C:\xampp\htdocs\3D_SCHOOL_FOR_TEACHER_ATTENDANCE_TRACKING_P1\server-php\api\attendance.php(144): mysqli->prepare('\r\n      SELECT\r...')
#1 C:\xampp\htdocs\3D_SCHOOL_FOR_TEACHER_ATTENDANCE_TRACKING_P1\server-php\index.php(75): require_once('C:\\xampp\\htdocs...')
#2 {main}
  thrown in C:\xampp\htdocs\3D_SCHOOL_FOR_TEACHER_ATTENDANCE_TRACKING_P1\server-php\api\attendance.php on line 144
[30-Jan-2026 03:05:21 Asia/Manila] PHP Fatal error:  Uncaught mysqli_sql_exception: Unknown column 'ar.latitude_in' in 'field list' in C:\xampp\htdocs\3D_SCHOOL_FOR_TEACHER_ATTENDANCE_TRACKING_P1\server-php\api\attendance.php:144
Stack trace:
#0 C:\xampp\htdocs\3D_SCHOOL_FOR_TEACHER_ATTENDANCE_TRACKING_P1\server-php\api\attendance.php(144): mysqli->prepare('\r\n      SELECT\r...')
#1 C:\xampp\htdocs\3D_SCHOOL_FOR_TEACHER_ATTENDANCE_TRACKING_P1\server-php\index.php(75): require_once('C:\\xampp\\htdocs...')
#2 {main}
  thrown in C:\xampp\htdocs\3D_SCHOOL_FOR_TEACHER_ATTENDANCE_TRACKING_P1\server-php\api\attendance.php on line 144
[30-Jan-2026 03:06:21 Asia/Manila] PHP Fatal error:  Uncaught mysqli_sql_exception: Unknown column 'ar.latitude_in' in 'field list' in C:\xampp\htdocs\3D_SCHOOL_FOR_TEACHER_ATTENDANCE_TRACKING_P1\server-php\api\attendance.php:144
Stack trace:
#0 C:\xampp\htdocs\3D_SCHOOL_FOR_TEACHER_ATTENDANCE_TRACKING_P1\server-php\api\attendance.php(144): mysqli->prepare('\r\n      SELECT\r...')
#1 C:\xampp\htdocs\3D_SCHOOL_FOR_TEACHER_ATTENDANCE_TRACKING_P1\server-php\index.php(75): require_once('C:\\xampp\\htdocs...')
#2 {main}
  thrown in C:\xampp\htdocs\3D_SCHOOL_FOR_TEACHER_ATTENDANCE_TRACKING_P1\server-php\api\attendance.php on line 144
[30-Jan-2026 03:06:58 Asia/Manila] PHP Fatal error:  Uncaught mysqli_sql_exception: Unknown column 'ar.latitude_in' in 'field list' in C:\xampp\htdocs\3D_SCHOOL_FOR_TEACHER_ATTENDANCE_TRACKING_P1\server-php\api\attendance.php:144
Stack trace:
#0 C:\xampp\htdocs\3D_SCHOOL_FOR_TEACHER_ATTENDANCE_TRACKING_P1\server-php\api\attendance.php(144): mysqli->prepare('\r\n      SELECT\r...')
#1 C:\xampp\htdocs\3D_SCHOOL_FOR_TEACHER_ATTENDANCE_TRACKING_P1\server-php\index.php(75): require_once('C:\\xampp\\htdocs...')
#2 {main}
  thrown in C:\xampp\htdocs\3D_SCHOOL_FOR_TEACHER_ATTENDANCE_TRACKING_P1\server-php\api\attendance.php on line 144
[30-Jan-2026 03:07:02 Asia/Manila] PHP Fatal error:  Uncaught mysqli_sql_exception: Unknown column 'ar.latitude_in' in 'field list' in C:\xampp\htdocs\3D_SCHOOL_FOR_TEACHER_ATTENDANCE_TRACKING_P1\server-php\api\attendance.php:144
Stack trace:
#0 C:\xampp\htdocs\3D_SCHOOL_FOR_TEACHER_ATTENDANCE_TRACKING_P1\server-php\api\attendance.php(144): mysqli->prepare('\r\n      SELECT\r...')
#1 C:\xampp\htdocs\3D_SCHOOL_FOR_TEACHER_ATTENDANCE_TRACKING_P1\server-php\index.php(75): require_once('C:\\xampp\\htdocs...')
#2 {main}
  thrown in C:\xampp\htdocs\3D_SCHOOL_FOR_TEACHER_ATTENDANCE_TRACKING_P1\server-php\api\attendance.php on line 144
[30-Jan-2026 03:07:14 Asia/Manila] PHP Fatal error:  Uncaught mysqli_sql_exception: Cannot delete or update a parent row: a foreign key constraint fails (`db_teacher_attendance_3d_school_with_altitude`.`tbl_attendance_records`, CONSTRAINT `tbl_attendance_records_ibfk_2` FOREIGN KEY (`schedule_id`) REFERENCES `tbl_class_schedules` (`schedule_id`) in C:\xampp\htdocs\3D_SCHOOL_FOR_TEACHER_ATTENDANCE_TRACKING_P1\server-php\api\main.php:170
Stack trace:
#0 C:\xampp\htdocs\3D_SCHOOL_FOR_TEACHER_ATTENDANCE_TRACKING_P1\server-php\api\main.php(170): mysqli_stmt->execute()
#1 C:\xampp\htdocs\3D_SCHOOL_FOR_TEACHER_ATTENDANCE_TRACKING_P1\server-php\index.php(100): require_once('C:\\xampp\\htdocs...')
#2 {main}
  thrown in C:\xampp\htdocs\3D_SCHOOL_FOR_TEACHER_ATTENDANCE_TRACKING_P1\server-php\api\main.php on line 170
